2026-03-23 15:54:40,294  INFO      ============================================================
2026-03-23 15:54:40,294  INFO      Stage 6 Fine-Tuning — Start
2026-03-23 15:54:40,294  INFO      Instrument  : NYSE_AAPL
2026-03-23 15:54:40,294  INFO      Resolution  : 1D
2026-03-23 15:54:40,294  INFO      Device      : cpu
2026-03-23 15:54:40,294  INFO      Base checkpoint: models/base/checkpoint_fold_1.pt
2026-03-23 15:54:40,295  INFO      Loading: NYSE_AAPL_1D_20150101_20260320.npy
2026-03-23 15:54:42,179  INFO        Shape: (2670, 60, 29)  (2670 windows)
2026-03-23 15:54:42,209  INFO        Date range: 2015-08-06 → 2026-03-19  (10.6 years)
2026-03-23 15:54:42,209  INFO        Train windows: 2610  Val windows: 60
2026-03-23 15:54:42,209  INFO      Years of data: 10.6
2026-03-23 15:54:42,242  INFO      Loading base checkpoint: models/base/checkpoint_fold_1.pt
2026-03-23 15:54:42,597  INFO        Base val_loss: 0.3509  (fold 1, epoch 21)
2026-03-23 15:54:42,598  INFO      --------------------------------------------------
2026-03-23 15:54:42,598  INFO      Phase 1 — Head-only adaptation (encoder frozen)
2026-03-23 15:54:57,994  INFO        P1 Epoch  1 | TrainLoss 0.3474 | ValLoss 0.3519 | ValAcc H1=0.500 H5=0.567 H20=0.667
2026-03-23 15:54:59,886  INFO        P1 Epoch  2 | TrainLoss 0.3473 | ValLoss 0.3518 | ValAcc H1=0.483 H5=0.567 H20=0.667
2026-03-23 15:55:01,721  INFO        P1 Epoch  3 | TrainLoss 0.3475 | ValLoss 0.3518 | ValAcc H1=0.483 H5=0.567 H20=0.650
2026-03-23 15:55:03,447  INFO        P1 Epoch  4 | TrainLoss 0.3472 | ValLoss 0.3516 | ValAcc H1=0.500 H5=0.567 H20=0.633
2026-03-23 15:55:05,360  INFO        P1 Epoch  5 | TrainLoss 0.3473 | ValLoss 0.3516 | ValAcc H1=0.500 H5=0.567 H20=0.633
2026-03-23 15:55:07,102  INFO        P1 Epoch  6 | TrainLoss 0.3473 | ValLoss 0.3516 | ValAcc H1=0.500 H5=0.567 H20=0.633
2026-03-23 15:55:08,795  INFO        P1 Epoch  7 | TrainLoss 0.3473 | ValLoss 0.3515 | ValAcc H1=0.500 H5=0.567 H20=0.633
2026-03-23 15:55:10,737  INFO        P1 Epoch  8 | TrainLoss 0.3473 | ValLoss 0.3515 | ValAcc H1=0.500 H5=0.567 H20=0.633
2026-03-23 15:55:12,557  INFO        P1 Epoch  9 | TrainLoss 0.3472 | ValLoss 0.3516 | ValAcc H1=0.500 H5=0.567 H20=0.633
2026-03-23 15:55:14,259  INFO        P1 Epoch 10 | TrainLoss 0.3471 | ValLoss 0.3515 | ValAcc H1=0.500 H5=0.567 H20=0.650
2026-03-23 15:55:16,135  INFO        P1 Epoch 11 | TrainLoss 0.3473 | ValLoss 0.3515 | ValAcc H1=0.500 H5=0.567 H20=0.650
2026-03-23 15:55:17,839  INFO        P1 Epoch 12 | TrainLoss 0.3472 | ValLoss 0.3516 | ValAcc H1=0.500 H5=0.567 H20=0.633
2026-03-23 15:55:19,632  INFO        P1 Epoch 13 | TrainLoss 0.3473 | ValLoss 0.3516 | ValAcc H1=0.500 H5=0.567 H20=0.633
2026-03-23 15:55:21,410  INFO        P1 Epoch 14 | TrainLoss 0.3472 | ValLoss 0.3515 | ValAcc H1=0.500 H5=0.567 H20=0.633
2026-03-23 15:55:23,242  INFO        P1 Epoch 15 | TrainLoss 0.3471 | ValLoss 0.3515 | ValAcc H1=0.500 H5=0.567 H20=0.633
2026-03-23 15:55:25,175  INFO        P1 Epoch 16 | TrainLoss 0.3472 | ValLoss 0.3515 | ValAcc H1=0.500 H5=0.567 H20=0.633
2026-03-23 15:55:26,808  INFO        P1 Epoch 17 | TrainLoss 0.3470 | ValLoss 0.3515 | ValAcc H1=0.500 H5=0.567 H20=0.633
2026-03-23 15:55:26,808  INFO        Phase 1 early stopping at epoch 17
2026-03-23 15:55:26,809  INFO        Phase 1 complete. Best val_loss: 0.3515
2026-03-23 15:55:26,820  INFO      Phase 1 checkpoint saved: models/fine_tuned/checkpoint_NYSE_AAPL_1D_phase1_20260323.pt
2026-03-23 15:55:26,820  INFO      Loading base checkpoint: models/base/checkpoint_fold_1.pt
2026-03-23 15:55:26,836  INFO        Base val_loss: 0.3509  (fold 1, epoch 21)
2026-03-23 15:55:26,876  INFO      Base model H1 accuracy on instrument val set: 0.517
2026-03-23 15:55:26,877  INFO      Fine-tuned  H1 accuracy (Phase 1)           : 0.500
2026-03-23 15:55:26,877  INFO      --------------------------------------------------
2026-03-23 15:55:26,877  INFO      Phase 2 — Verification gate
2026-03-23 15:55:26,877  INFO        Fine-tuned H1 accuracy : 0.500
2026-03-23 15:55:26,877  INFO        Minimum required       : 0.510
2026-03-23 15:55:26,877  WARNING     ✗ Phase 2 FAILED — H1 accuracy 0.500 is below 0.510
2026-03-23 15:55:26,877  WARNING     Instrument may be unpredictable at this resolution.
2026-03-23 15:55:26,877  WARNING     Using Phase 1 checkpoint as final output.
2026-03-23 15:55:26,877  INFO      ============================================================
2026-03-23 15:55:26,877  INFO      Fine-Tuning Summary
2026-03-23 15:55:26,877  INFO        Instrument     : NYSE_AAPL 1D
2026-03-23 15:55:26,877  INFO        Final phase    : 1
2026-03-23 15:55:26,877  INFO        Final checkpoint: models/fine_tuned/checkpoint_NYSE_AAPL_1D_phase1_20260323.pt
2026-03-23 15:55:26,877  INFO        Base model H1 acc : 0.517
2026-03-23 15:55:26,878  INFO        Fine-tuned H1 acc : 0.500
2026-03-23 15:55:26,878  WARNING     Delta accuracy : -0.017  ⚠  Fine-tuning did NOT improve accuracy. Use the base model checkpoint for this instrument.
2026-03-23 15:55:26,880  INFO        Metrics saved  : logs/finetune/NYSE_AAPL_1D_20260323_metrics.csv
2026-03-23 15:55:26,880  INFO      Stage 6 complete.
2026-03-23 16:04:58,117  INFO      ============================================================
2026-03-23 16:04:58,117  INFO      Stage 6 Fine-Tuning — Start
2026-03-23 16:04:58,117  INFO      Instrument  : NYSE_AAPL
2026-03-23 16:04:58,117  INFO      Resolution  : 1D
2026-03-23 16:04:58,117  INFO      Device      : cpu
2026-03-23 16:04:58,117  INFO      Base checkpoint: models/base/checkpoint_fold_2.pt
2026-03-23 16:04:58,118  INFO      Loading: NYSE_AAPL_1D_20150101_20260320.npy
2026-03-23 16:04:58,143  INFO        Shape: (2670, 60, 29)  (2670 windows)
2026-03-23 16:04:58,154  INFO        Date range: 2015-08-06 → 2026-03-19  (10.6 years)
2026-03-23 16:04:58,154  INFO        Train windows: 2610  Val windows: 60
2026-03-23 16:04:58,155  INFO      Years of data: 10.6
2026-03-23 16:04:58,164  INFO      Loading base checkpoint: models/base/checkpoint_fold_2.pt
2026-03-23 16:04:58,236  INFO        Base val_loss: 0.3486  (fold 2, epoch 22)
2026-03-23 16:04:58,237  INFO      --------------------------------------------------
2026-03-23 16:04:58,237  INFO      Phase 1 — Head-only adaptation (encoder frozen)
2026-03-23 16:05:01,151  INFO        P1 Epoch  1 | TrainLoss 0.3484 | ValLoss 0.3519 | ValAcc H1=0.500 H5=0.533 H20=0.717
2026-03-23 16:05:02,810  INFO        P1 Epoch  2 | TrainLoss 0.3478 | ValLoss 0.3513 | ValAcc H1=0.517 H5=0.533 H20=0.717
2026-03-23 16:05:04,554  INFO        P1 Epoch  3 | TrainLoss 0.3475 | ValLoss 0.3511 | ValAcc H1=0.483 H5=0.517 H20=0.700
2026-03-23 16:05:06,493  INFO        P1 Epoch  4 | TrainLoss 0.3476 | ValLoss 0.3508 | ValAcc H1=0.500 H5=0.533 H20=0.700
2026-03-23 16:05:08,130  INFO        P1 Epoch  5 | TrainLoss 0.3475 | ValLoss 0.3507 | ValAcc H1=0.533 H5=0.533 H20=0.700
2026-03-23 16:05:10,219  INFO        P1 Epoch  6 | TrainLoss 0.3473 | ValLoss 0.3506 | ValAcc H1=0.517 H5=0.533 H20=0.683
2026-03-23 16:05:11,955  INFO        P1 Epoch  7 | TrainLoss 0.3472 | ValLoss 0.3506 | ValAcc H1=0.533 H5=0.533 H20=0.683
2026-03-23 16:05:13,640  INFO        P1 Epoch  8 | TrainLoss 0.3473 | ValLoss 0.3506 | ValAcc H1=0.533 H5=0.533 H20=0.683
2026-03-23 16:05:15,645  INFO        P1 Epoch  9 | TrainLoss 0.3472 | ValLoss 0.3505 | ValAcc H1=0.533 H5=0.533 H20=0.683
2026-03-23 16:05:17,424  INFO        P1 Epoch 10 | TrainLoss 0.3474 | ValLoss 0.3505 | ValAcc H1=0.533 H5=0.533 H20=0.683
2026-03-23 16:05:19,240  INFO        P1 Epoch 11 | TrainLoss 0.3474 | ValLoss 0.3504 | ValAcc H1=0.533 H5=0.533 H20=0.683
2026-03-23 16:05:21,296  INFO        P1 Epoch 12 | TrainLoss 0.3470 | ValLoss 0.3505 | ValAcc H1=0.517 H5=0.533 H20=0.667
2026-03-23 16:05:22,982  INFO        P1 Epoch 13 | TrainLoss 0.3473 | ValLoss 0.3504 | ValAcc H1=0.533 H5=0.533 H20=0.667
2026-03-23 16:05:24,723  INFO        P1 Epoch 14 | TrainLoss 0.3471 | ValLoss 0.3505 | ValAcc H1=0.533 H5=0.533 H20=0.683
2026-03-23 16:05:26,799  INFO        P1 Epoch 15 | TrainLoss 0.3473 | ValLoss 0.3505 | ValAcc H1=0.533 H5=0.533 H20=0.667
2026-03-23 16:05:28,492  INFO        P1 Epoch 16 | TrainLoss 0.3473 | ValLoss 0.3505 | ValAcc H1=0.550 H5=0.533 H20=0.683
2026-03-23 16:05:30,558  INFO        P1 Epoch 17 | TrainLoss 0.3471 | ValLoss 0.3505 | ValAcc H1=0.533 H5=0.533 H20=0.683
2026-03-23 16:05:32,404  INFO        P1 Epoch 18 | TrainLoss 0.3472 | ValLoss 0.3505 | ValAcc H1=0.533 H5=0.533 H20=0.683
2026-03-23 16:05:34,115  INFO        P1 Epoch 19 | TrainLoss 0.3471 | ValLoss 0.3505 | ValAcc H1=0.533 H5=0.533 H20=0.683
2026-03-23 16:05:34,115  INFO        Phase 1 early stopping at epoch 19
2026-03-23 16:05:34,116  INFO        Phase 1 complete. Best val_loss: 0.3505
2026-03-23 16:05:34,120  INFO      Phase 1 checkpoint saved: models/fine_tuned/checkpoint_NYSE_AAPL_1D_phase1_20260323.pt
2026-03-23 16:05:34,121  INFO      Loading base checkpoint: models/base/checkpoint_fold_2.pt
2026-03-23 16:05:34,134  INFO        Base val_loss: 0.3486  (fold 2, epoch 22)
2026-03-23 16:05:34,168  INFO      Base model H1 accuracy on instrument val set: 0.500
2026-03-23 16:05:34,168  INFO      Fine-tuned  H1 accuracy (Phase 1)           : 0.533
2026-03-23 16:05:34,168  INFO      --------------------------------------------------
2026-03-23 16:05:34,168  INFO      Phase 2 — Verification gate
2026-03-23 16:05:34,168  INFO        Fine-tuned H1 accuracy : 0.533
2026-03-23 16:05:34,168  INFO        Minimum required       : 0.510
2026-03-23 16:05:34,168  INFO        ✓ Phase 2 PASSED — proceeding to Phase 3
2026-03-23 16:05:34,168  INFO      --------------------------------------------------
2026-03-23 16:05:34,168  INFO      Phase 3 — Selective encoder unfreeze
2026-03-23 16:05:34,169  INFO        Encoder layers 1 & 2 unfrozen (layer 0 frozen)
2026-03-23 16:05:34,169  INFO        Encoder LR: 1e-05  Head LR: 3e-05
2026-03-23 16:05:34,169  INFO        Dropout: encoder=0.40  head=0.45
2026-03-23 16:05:41,592  INFO        P3 Epoch  1 | TrainLoss 0.3473 | ValLoss 0.3510 | Gap -0.0037 | ValAcc H1=0.483 H5=0.533 H20=0.717
2026-03-23 16:05:48,374  INFO        P3 Epoch  2 | TrainLoss 0.3476 | ValLoss 0.3509 | Gap -0.0034 | ValAcc H1=0.500 H5=0.517 H20=0.717
2026-03-23 16:05:55,319  INFO        P3 Epoch  3 | TrainLoss 0.3474 | ValLoss 0.3512 | Gap -0.0038 | ValAcc H1=0.483 H5=0.533 H20=0.717
2026-03-23 16:06:02,170  INFO        P3 Epoch  4 | TrainLoss 0.3475 | ValLoss 0.3512 | Gap -0.0037 | ValAcc H1=0.483 H5=0.517 H20=0.717
2026-03-23 16:06:08,851  INFO        P3 Epoch  5 | TrainLoss 0.3473 | ValLoss 0.3513 | Gap -0.0040 | ValAcc H1=0.500 H5=0.517 H20=0.717
2026-03-23 16:06:15,768  INFO        P3 Epoch  6 | TrainLoss 0.3470 | ValLoss 0.3514 | Gap -0.0043 | ValAcc H1=0.483 H5=0.517 H20=0.717
2026-03-23 16:06:22,698  INFO        P3 Epoch  7 | TrainLoss 0.3475 | ValLoss 0.3514 | Gap -0.0038 | ValAcc H1=0.483 H5=0.517 H20=0.717
2026-03-23 16:06:29,491  INFO        P3 Epoch  8 | TrainLoss 0.3472 | ValLoss 0.3513 | Gap -0.0041 | ValAcc H1=0.517 H5=0.533 H20=0.717
2026-03-23 16:06:36,405  INFO        P3 Epoch  9 | TrainLoss 0.3470 | ValLoss 0.3514 | Gap -0.0044 | ValAcc H1=0.500 H5=0.517 H20=0.717
2026-03-23 16:06:36,406  INFO        Phase 3 early stopping at epoch 9
2026-03-23 16:06:36,407  INFO        Phase 3 complete. Best val_loss: 0.3510
2026-03-23 16:06:36,443  INFO      Phase 3 checkpoint saved: models/fine_tuned/checkpoint_NYSE_AAPL_1D_phase3_20260323.pt
2026-03-23 16:06:36,443  INFO      ============================================================
2026-03-23 16:06:36,443  INFO      Fine-Tuning Summary
2026-03-23 16:06:36,443  INFO        Instrument     : NYSE_AAPL 1D
2026-03-23 16:06:36,443  INFO        Final phase    : 3
2026-03-23 16:06:36,443  INFO        Final checkpoint: models/fine_tuned/checkpoint_NYSE_AAPL_1D_phase3_20260323.pt
2026-03-23 16:06:36,443  INFO        Base model H1 acc : 0.500
2026-03-23 16:06:36,444  INFO        Fine-tuned H1 acc : 0.533
2026-03-23 16:06:36,444  INFO        Delta accuracy : +0.033  ✓ Fine-tuning improved accuracy
2026-03-23 16:06:36,446  INFO        Metrics saved  : logs/finetune/NYSE_AAPL_1D_20260323_metrics.csv
2026-03-23 16:06:36,446  INFO      Stage 6 complete.
2026-03-23 17:10:59,425  INFO      ============================================================
2026-03-23 17:10:59,426  INFO      Stage 6 Fine-Tuning — Start
2026-03-23 17:10:59,426  INFO      Instrument  : NYSE_AAPL
2026-03-23 17:10:59,426  INFO      Resolution  : 1D
2026-03-23 17:10:59,426  INFO      Device      : cpu
2026-03-23 17:10:59,426  INFO      Base checkpoint: models/base/checkpoint_fold_1.pt
2026-03-23 17:10:59,427  INFO      Loading: NYSE_AAPL_1D_20150101_20260320.npy
2026-03-23 17:11:01,697  INFO        Shape: (2670, 60, 29)  (2670 windows)
2026-03-23 17:11:01,753  INFO        Date range: 2015-08-06 → 2026-03-19  (10.6 years)
2026-03-23 17:11:01,753  INFO        Train windows: 2610  Val windows: 60
2026-03-23 17:11:01,753  INFO      Years of data: 10.6
2026-03-23 17:11:01,778  INFO      Loading base checkpoint: models/base/checkpoint_fold_1.pt
2026-03-23 17:11:02,624  INFO        Base val_loss: 0.3509  (fold 1, epoch 21)
2026-03-23 17:11:02,626  INFO      --------------------------------------------------
2026-03-23 17:11:02,626  INFO      Phase 1 — Head-only adaptation (encoder frozen)
2026-03-23 17:11:20,652  INFO        P1 Epoch  1 | TrainLoss 0.3474 | ValLoss 0.3522 | ValAcc H1=0.517 H5=0.567 H20=0.667
2026-03-23 17:11:23,113  INFO        P1 Epoch  2 | TrainLoss 0.3474 | ValLoss 0.3519 | ValAcc H1=0.483 H5=0.567 H20=0.667
2026-03-23 17:11:25,410  INFO        P1 Epoch  3 | TrainLoss 0.3472 | ValLoss 0.3518 | ValAcc H1=0.483 H5=0.567 H20=0.650
2026-03-23 17:11:27,844  INFO        P1 Epoch  4 | TrainLoss 0.3469 | ValLoss 0.3518 | ValAcc H1=0.483 H5=0.567 H20=0.633
2026-03-23 17:11:30,056  INFO        P1 Epoch  5 | TrainLoss 0.3473 | ValLoss 0.3517 | ValAcc H1=0.500 H5=0.567 H20=0.650
2026-03-23 17:11:32,645  INFO        P1 Epoch  6 | TrainLoss 0.3469 | ValLoss 0.3517 | ValAcc H1=0.500 H5=0.567 H20=0.633
2026-03-23 17:11:35,011  INFO        P1 Epoch  7 | TrainLoss 0.3472 | ValLoss 0.3516 | ValAcc H1=0.500 H5=0.567 H20=0.633
2026-03-23 17:11:37,543  INFO        P1 Epoch  8 | TrainLoss 0.3472 | ValLoss 0.3515 | ValAcc H1=0.500 H5=0.567 H20=0.633
2026-03-23 17:11:39,834  INFO        P1 Epoch  9 | TrainLoss 0.3470 | ValLoss 0.3516 | ValAcc H1=0.500 H5=0.567 H20=0.633
2026-03-23 17:11:42,112  INFO        P1 Epoch 10 | TrainLoss 0.3475 | ValLoss 0.3517 | ValAcc H1=0.500 H5=0.550 H20=0.633
2026-03-23 17:11:44,641  INFO        P1 Epoch 11 | TrainLoss 0.3475 | ValLoss 0.3516 | ValAcc H1=0.500 H5=0.567 H20=0.633
2026-03-23 17:11:46,926  INFO        P1 Epoch 12 | TrainLoss 0.3472 | ValLoss 0.3516 | ValAcc H1=0.500 H5=0.567 H20=0.633
2026-03-23 17:11:49,498  INFO        P1 Epoch 13 | TrainLoss 0.3472 | ValLoss 0.3516 | ValAcc H1=0.500 H5=0.567 H20=0.633
2026-03-23 17:11:51,644  INFO        P1 Epoch 14 | TrainLoss 0.3470 | ValLoss 0.3516 | ValAcc H1=0.500 H5=0.567 H20=0.633
2026-03-23 17:11:54,277  INFO        P1 Epoch 15 | TrainLoss 0.3471 | ValLoss 0.3516 | ValAcc H1=0.500 H5=0.567 H20=0.633
2026-03-23 17:11:56,532  INFO        P1 Epoch 16 | TrainLoss 0.3470 | ValLoss 0.3515 | ValAcc H1=0.500 H5=0.567 H20=0.633
2026-03-23 17:11:59,100  INFO        P1 Epoch 17 | TrainLoss 0.3466 | ValLoss 0.3515 | ValAcc H1=0.500 H5=0.567 H20=0.633
2026-03-23 17:11:59,101  INFO        Phase 1 early stopping at epoch 17
2026-03-23 17:11:59,102  INFO        Phase 1 complete. Best val_loss: 0.3516
2026-03-23 17:11:59,109  INFO      Phase 1 checkpoint saved: models/fine_tuned/checkpoint_NYSE_AAPL_1D_phase1_20260323.pt
2026-03-23 17:11:59,109  INFO      Loading base checkpoint: models/base/checkpoint_fold_1.pt
2026-03-23 17:11:59,127  INFO        Base val_loss: 0.3509  (fold 1, epoch 21)
2026-03-23 17:11:59,175  INFO      Base model H1 accuracy on instrument val set: 0.517
2026-03-23 17:11:59,175  INFO      Fine-tuned  H1 accuracy (Phase 1)           : 0.500
2026-03-23 17:11:59,175  INFO      --------------------------------------------------
2026-03-23 17:11:59,176  INFO      Phase 2 — Verification gate
2026-03-23 17:11:59,176  INFO        Fine-tuned H1 accuracy : 0.500
2026-03-23 17:11:59,176  INFO        Minimum required       : 0.510
2026-03-23 17:11:59,176  WARNING     ✗ Phase 2 FAILED — H1 accuracy 0.500 is below 0.510
2026-03-23 17:11:59,176  WARNING     Instrument may be unpredictable at this resolution.
2026-03-23 17:11:59,176  WARNING     Using Phase 1 checkpoint as final output.
2026-03-23 17:11:59,176  INFO      ============================================================
2026-03-23 17:11:59,176  INFO      Fine-Tuning Summary
2026-03-23 17:11:59,176  INFO        Instrument     : NYSE_AAPL 1D
2026-03-23 17:11:59,176  INFO        Final phase    : 1
2026-03-23 17:11:59,176  INFO        Final checkpoint: models/fine_tuned/checkpoint_NYSE_AAPL_1D_phase1_20260323.pt
2026-03-23 17:11:59,177  INFO        Base model H1 acc : 0.517
2026-03-23 17:11:59,177  INFO        Fine-tuned H1 acc : 0.500
2026-03-23 17:11:59,177  WARNING     Delta accuracy : -0.017  ⚠  Fine-tuning did NOT improve accuracy. Use the base model checkpoint for this instrument.
2026-03-23 17:11:59,182  INFO        Metrics saved  : logs/finetune/NYSE_AAPL_1D_20260323_metrics.csv
2026-03-23 17:11:59,182  INFO      Stage 6 complete.
2026-03-23 17:16:43,899  INFO      ============================================================
2026-03-23 17:16:43,899  INFO      Stage 6 Fine-Tuning — Start
2026-03-23 17:16:43,900  INFO      Instrument  : NYSE_AAPL
2026-03-23 17:16:43,900  INFO      Resolution  : 1D
2026-03-23 17:16:43,900  INFO      Device      : cpu
2026-03-23 17:16:43,900  INFO      Base checkpoint: models/base/checkpoint_fold_1.pt
2026-03-23 17:16:43,901  INFO      Loading: NYSE_AAPL_1D_20150101_20260320.npy
2026-03-23 17:16:43,976  INFO        Shape: (2670, 60, 29)  (2670 windows)
2026-03-23 17:16:43,996  INFO        Date range: 2015-08-06 → 2026-03-19  (10.6 years)
2026-03-23 17:16:43,996  INFO        Train windows: 2610  Val windows: 60
2026-03-23 17:16:43,997  INFO      Years of data: 10.6
2026-03-23 17:16:44,018  INFO      Loading base checkpoint: models/base/checkpoint_fold_1.pt
2026-03-23 17:16:44,035  INFO        Base val_loss: 0.3509  (fold 1, epoch 21)
2026-03-23 17:16:44,036  INFO      --------------------------------------------------
2026-03-23 17:16:44,036  INFO      Phase 1 — Head-only adaptation (encoder frozen)
2026-03-23 17:16:47,669  INFO        P1 Epoch  1 | TrainLoss 0.3474 | ValLoss 0.3519 | ValAcc H1=0.500 H5=0.567 H20=0.667
2026-03-23 17:16:49,910  INFO        P1 Epoch  2 | TrainLoss 0.3474 | ValLoss 0.3518 | ValAcc H1=0.483 H5=0.567 H20=0.667
2026-03-23 17:16:52,447  INFO        P1 Epoch  3 | TrainLoss 0.3474 | ValLoss 0.3517 | ValAcc H1=0.500 H5=0.567 H20=0.650
2026-03-23 17:16:54,670  INFO        P1 Epoch  4 | TrainLoss 0.3473 | ValLoss 0.3516 | ValAcc H1=0.500 H5=0.567 H20=0.650
2026-03-23 17:16:57,111  INFO        P1 Epoch  5 | TrainLoss 0.3471 | ValLoss 0.3517 | ValAcc H1=0.500 H5=0.567 H20=0.650
2026-03-23 17:16:59,419  INFO        P1 Epoch  6 | TrainLoss 0.3472 | ValLoss 0.3516 | ValAcc H1=0.500 H5=0.567 H20=0.633
2026-03-23 17:17:01,872  INFO        P1 Epoch  7 | TrainLoss 0.3475 | ValLoss 0.3516 | ValAcc H1=0.500 H5=0.567 H20=0.633
2026-03-23 17:17:04,150  INFO        P1 Epoch  8 | TrainLoss 0.3469 | ValLoss 0.3515 | ValAcc H1=0.500 H5=0.567 H20=0.633
2026-03-23 17:17:06,637  INFO        P1 Epoch  9 | TrainLoss 0.3471 | ValLoss 0.3515 | ValAcc H1=0.500 H5=0.567 H20=0.650
2026-03-23 17:17:08,806  INFO        P1 Epoch 10 | TrainLoss 0.3471 | ValLoss 0.3516 | ValAcc H1=0.500 H5=0.567 H20=0.633
2026-03-23 17:17:11,369  INFO        P1 Epoch 11 | TrainLoss 0.3470 | ValLoss 0.3515 | ValAcc H1=0.500 H5=0.567 H20=0.633
2026-03-23 17:17:13,630  INFO        P1 Epoch 12 | TrainLoss 0.3469 | ValLoss 0.3516 | ValAcc H1=0.500 H5=0.567 H20=0.650
2026-03-23 17:17:15,868  INFO        P1 Epoch 13 | TrainLoss 0.3470 | ValLoss 0.3515 | ValAcc H1=0.500 H5=0.567 H20=0.633
2026-03-23 17:17:18,349  INFO        P1 Epoch 14 | TrainLoss 0.3474 | ValLoss 0.3515 | ValAcc H1=0.500 H5=0.567 H20=0.633
2026-03-23 17:17:18,349  INFO        Phase 1 early stopping at epoch 14
2026-03-23 17:17:18,395  INFO        Phase 1 complete. Best val_loss: 0.3516  H1=0.500 H5=0.567 H20=0.650
2026-03-23 17:17:18,400  INFO      Phase 1 checkpoint saved: models/fine_tuned/checkpoint_NYSE_AAPL_1D_phase1_20260323.pt
2026-03-23 17:17:18,400  INFO      Loading base checkpoint: models/base/checkpoint_fold_1.pt
2026-03-23 17:17:18,412  INFO        Base val_loss: 0.3509  (fold 1, epoch 21)
2026-03-23 17:17:18,459  INFO      Base model H1 accuracy on instrument val set: 0.517
2026-03-23 17:17:18,459  INFO      Fine-tuned  H1 accuracy (Phase 1)           : 0.500
2026-03-23 17:17:18,459  INFO      --------------------------------------------------
2026-03-23 17:17:18,459  INFO      Phase 2 — Verification gate
2026-03-23 17:17:18,461  INFO        Fine-tuned accuracy — H1=0.500  H5=0.567  H20=0.650  Mean=0.572
2026-03-23 17:17:18,461  INFO        Minimum required (mean across horizons) : 0.510
2026-03-23 17:17:18,461  INFO        ✓ Phase 2 PASSED (H1=0.500  H5=0.567  H20=0.650) — proceeding to Phase 3
2026-03-23 17:17:18,461  INFO      --------------------------------------------------
2026-03-23 17:17:18,461  INFO      Phase 3 — Selective encoder unfreeze
2026-03-23 17:17:18,462  INFO        Encoder layers 1 & 2 unfrozen (layer 0 frozen)
2026-03-23 17:17:18,462  INFO        Encoder LR: 1e-05  Head LR: 3e-05
2026-03-23 17:17:18,462  INFO        Dropout: encoder=0.40  head=0.45
2026-03-23 17:17:26,519  INFO        P3 Epoch  1 | TrainLoss 0.3478 | ValLoss 0.3516 | Gap -0.0039 | ValAcc H1=0.500 H5=0.567 H20=0.633
2026-03-23 17:17:34,252  INFO        P3 Epoch  2 | TrainLoss 0.3477 | ValLoss 0.3517 | Gap -0.0040 | ValAcc H1=0.483 H5=0.567 H20=0.650
2026-03-23 17:17:42,000  INFO        P3 Epoch  3 | TrainLoss 0.3473 | ValLoss 0.3519 | Gap -0.0046 | ValAcc H1=0.500 H5=0.567 H20=0.650
2026-03-23 17:17:51,021  INFO        P3 Epoch  4 | TrainLoss 0.3474 | ValLoss 0.3517 | Gap -0.0043 | ValAcc H1=0.483 H5=0.567 H20=0.667
2026-03-23 17:17:58,521  INFO        P3 Epoch  5 | TrainLoss 0.3474 | ValLoss 0.3517 | Gap -0.0043 | ValAcc H1=0.500 H5=0.583 H20=0.650
2026-03-23 17:18:06,477  INFO        P3 Epoch  6 | TrainLoss 0.3473 | ValLoss 0.3520 | Gap -0.0047 | ValAcc H1=0.483 H5=0.567 H20=0.667
2026-03-23 17:18:14,394  INFO        P3 Epoch  7 | TrainLoss 0.3472 | ValLoss 0.3521 | Gap -0.0050 | ValAcc H1=0.483 H5=0.567 H20=0.650
2026-03-23 17:18:22,178  INFO        P3 Epoch  8 | TrainLoss 0.3470 | ValLoss 0.3521 | Gap -0.0050 | ValAcc H1=0.483 H5=0.567 H20=0.650
2026-03-23 17:18:29,962  INFO        P3 Epoch  9 | TrainLoss 0.3475 | ValLoss 0.3521 | Gap -0.0046 | ValAcc H1=0.483 H5=0.567 H20=0.650
2026-03-23 17:18:29,962  INFO        Phase 3 early stopping at epoch 9
2026-03-23 17:18:29,964  INFO        Phase 3 complete. Best val_loss: 0.3516
2026-03-23 17:18:30,008  INFO      Phase 3 checkpoint saved: models/fine_tuned/checkpoint_NYSE_AAPL_1D_phase3_20260323.pt
2026-03-23 17:18:30,009  INFO      ============================================================
2026-03-23 17:18:30,009  INFO      Fine-Tuning Summary
2026-03-23 17:18:30,009  INFO        Instrument     : NYSE_AAPL 1D
2026-03-23 17:18:30,009  INFO        Final phase    : 3
2026-03-23 17:18:30,009  INFO        Final checkpoint: models/fine_tuned/checkpoint_NYSE_AAPL_1D_phase3_20260323.pt
2026-03-23 17:18:30,009  INFO        Base model — H1=0.517  H5=0.583  H20=0.683  Mean=0.594
2026-03-23 17:18:30,009  INFO        Fine-tuned — H1=0.500  H5=0.567  H20=0.650  Mean=0.572
2026-03-23 17:18:30,009  WARNING     Delta mean accuracy : -0.022  ⚠  Fine-tuning did NOT improve accuracy. Use the base model checkpoint for this instrument.
2026-03-23 17:18:30,012  INFO        Metrics saved  : logs/finetune/NYSE_AAPL_1D_20260323_metrics.csv
2026-03-23 17:18:30,012  INFO      Stage 6 complete.
2026-03-23 17:19:24,252  INFO      ============================================================
2026-03-23 17:19:24,252  INFO      Stage 6 Fine-Tuning — Start
2026-03-23 17:19:24,253  INFO      Instrument  : NYSE_AAPL
2026-03-23 17:19:24,253  INFO      Resolution  : 1D
2026-03-23 17:19:24,253  INFO      Device      : cpu
2026-03-23 17:19:24,253  INFO      Base checkpoint: models/base/checkpoint_fold_2.pt
2026-03-23 17:19:24,254  INFO      Loading: NYSE_AAPL_1D_20150101_20260320.npy
2026-03-23 17:19:24,281  INFO        Shape: (2670, 60, 29)  (2670 windows)
2026-03-23 17:19:24,293  INFO        Date range: 2015-08-06 → 2026-03-19  (10.6 years)
2026-03-23 17:19:24,293  INFO        Train windows: 2610  Val windows: 60
2026-03-23 17:19:24,293  INFO      Years of data: 10.6
2026-03-23 17:19:24,304  INFO      Loading base checkpoint: models/base/checkpoint_fold_2.pt
2026-03-23 17:19:24,465  INFO        Base val_loss: 0.3486  (fold 2, epoch 22)
2026-03-23 17:19:24,466  INFO      --------------------------------------------------
2026-03-23 17:19:24,466  INFO      Phase 1 — Head-only adaptation (encoder frozen)
2026-03-23 17:19:27,995  INFO        P1 Epoch  1 | TrainLoss 0.3481 | ValLoss 0.3521 | ValAcc H1=0.500 H5=0.533 H20=0.717
2026-03-23 17:19:30,115  INFO        P1 Epoch  2 | TrainLoss 0.3482 | ValLoss 0.3515 | ValAcc H1=0.517 H5=0.533 H20=0.717
2026-03-23 17:19:32,814  INFO        P1 Epoch  3 | TrainLoss 0.3473 | ValLoss 0.3511 | ValAcc H1=0.500 H5=0.517 H20=0.717
2026-03-23 17:19:34,933  INFO        P1 Epoch  4 | TrainLoss 0.3473 | ValLoss 0.3510 | ValAcc H1=0.483 H5=0.517 H20=0.683
2026-03-23 17:19:37,518  INFO        P1 Epoch  5 | TrainLoss 0.3474 | ValLoss 0.3508 | ValAcc H1=0.517 H5=0.517 H20=0.683
2026-03-23 17:19:39,655  INFO        P1 Epoch  6 | TrainLoss 0.3472 | ValLoss 0.3508 | ValAcc H1=0.500 H5=0.517 H20=0.683
2026-03-23 17:19:42,063  INFO        P1 Epoch  7 | TrainLoss 0.3475 | ValLoss 0.3507 | ValAcc H1=0.533 H5=0.517 H20=0.683
2026-03-23 17:19:44,371  INFO        P1 Epoch  8 | TrainLoss 0.3473 | ValLoss 0.3507 | ValAcc H1=0.533 H5=0.517 H20=0.683
2026-03-23 17:19:46,958  INFO        P1 Epoch  9 | TrainLoss 0.3471 | ValLoss 0.3505 | ValAcc H1=0.550 H5=0.533 H20=0.683
2026-03-23 17:19:49,112  INFO        P1 Epoch 10 | TrainLoss 0.3470 | ValLoss 0.3506 | ValAcc H1=0.533 H5=0.533 H20=0.667
2026-03-23 17:19:51,498  INFO        P1 Epoch 11 | TrainLoss 0.3472 | ValLoss 0.3505 | ValAcc H1=0.550 H5=0.533 H20=0.683
2026-03-23 17:19:53,773  INFO        P1 Epoch 12 | TrainLoss 0.3471 | ValLoss 0.3506 | ValAcc H1=0.550 H5=0.517 H20=0.683
2026-03-23 17:19:55,997  INFO        P1 Epoch 13 | TrainLoss 0.3472 | ValLoss 0.3506 | ValAcc H1=0.550 H5=0.533 H20=0.683
2026-03-23 17:19:58,344  INFO        P1 Epoch 14 | TrainLoss 0.3470 | ValLoss 0.3506 | ValAcc H1=0.533 H5=0.517 H20=0.667
2026-03-23 17:20:00,565  INFO        P1 Epoch 15 | TrainLoss 0.3470 | ValLoss 0.3506 | ValAcc H1=0.533 H5=0.517 H20=0.683
2026-03-23 17:20:03,094  INFO        P1 Epoch 16 | TrainLoss 0.3472 | ValLoss 0.3506 | ValAcc H1=0.550 H5=0.517 H20=0.683
2026-03-23 17:20:05,261  INFO        P1 Epoch 17 | TrainLoss 0.3473 | ValLoss 0.3506 | ValAcc H1=0.550 H5=0.517 H20=0.683
2026-03-23 17:20:07,722  INFO        P1 Epoch 18 | TrainLoss 0.3470 | ValLoss 0.3506 | ValAcc H1=0.533 H5=0.517 H20=0.683
2026-03-23 17:20:09,853  INFO        P1 Epoch 19 | TrainLoss 0.3473 | ValLoss 0.3506 | ValAcc H1=0.550 H5=0.517 H20=0.683
2026-03-23 17:20:09,854  INFO        Phase 1 early stopping at epoch 19
2026-03-23 17:20:09,902  INFO        Phase 1 complete. Best val_loss: 0.3505  H1=0.550 H5=0.533 H20=0.683
2026-03-23 17:20:09,907  INFO      Phase 1 checkpoint saved: models/fine_tuned/checkpoint_NYSE_AAPL_1D_phase1_20260323.pt
2026-03-23 17:20:09,907  INFO      Loading base checkpoint: models/base/checkpoint_fold_2.pt
2026-03-23 17:20:09,920  INFO        Base val_loss: 0.3486  (fold 2, epoch 22)
2026-03-23 17:20:09,968  INFO      Base model H1 accuracy on instrument val set: 0.500
2026-03-23 17:20:09,968  INFO      Fine-tuned  H1 accuracy (Phase 1)           : 0.550
2026-03-23 17:20:09,968  INFO      --------------------------------------------------
2026-03-23 17:20:09,968  INFO      Phase 2 — Verification gate
2026-03-23 17:20:09,968  INFO        Fine-tuned accuracy — H1=0.550  H5=0.533  H20=0.683  Mean=0.589
2026-03-23 17:20:09,969  INFO        Minimum required (mean across horizons) : 0.510
2026-03-23 17:20:09,969  INFO        ✓ Phase 2 PASSED (H1=0.550  H5=0.533  H20=0.683) — proceeding to Phase 3
2026-03-23 17:20:09,969  INFO      --------------------------------------------------
2026-03-23 17:20:09,969  INFO      Phase 3 — Selective encoder unfreeze
2026-03-23 17:20:09,969  INFO        Encoder layers 1 & 2 unfrozen (layer 0 frozen)
2026-03-23 17:20:09,970  INFO        Encoder LR: 1e-05  Head LR: 3e-05
2026-03-23 17:20:09,970  INFO        Dropout: encoder=0.40  head=0.45
2026-03-23 17:20:17,785  INFO        P3 Epoch  1 | TrainLoss 0.3475 | ValLoss 0.3508 | Gap -0.0034 | ValAcc H1=0.483 H5=0.533 H20=0.717
2026-03-23 17:20:25,520  INFO        P3 Epoch  2 | TrainLoss 0.3474 | ValLoss 0.3509 | Gap -0.0035 | ValAcc H1=0.500 H5=0.517 H20=0.717
2026-03-23 17:20:33,236  INFO        P3 Epoch  3 | TrainLoss 0.3477 | ValLoss 0.3511 | Gap -0.0034 | ValAcc H1=0.467 H5=0.533 H20=0.717
2026-03-23 17:20:40,938  INFO        P3 Epoch  4 | TrainLoss 0.3476 | ValLoss 0.3512 | Gap -0.0036 | ValAcc H1=0.500 H5=0.517 H20=0.717
2026-03-23 17:20:48,702  INFO        P3 Epoch  5 | TrainLoss 0.3474 | ValLoss 0.3512 | Gap -0.0038 | ValAcc H1=0.483 H5=0.517 H20=0.717
2026-03-23 17:20:56,477  INFO        P3 Epoch  6 | TrainLoss 0.3473 | ValLoss 0.3515 | Gap -0.0041 | ValAcc H1=0.483 H5=0.533 H20=0.717
2026-03-23 17:21:04,242  INFO        P3 Epoch  7 | TrainLoss 0.3473 | ValLoss 0.3513 | Gap -0.0039 | ValAcc H1=0.483 H5=0.517 H20=0.717
2026-03-23 17:21:12,007  INFO        P3 Epoch  8 | TrainLoss 0.3466 | ValLoss 0.3514 | Gap -0.0047 | ValAcc H1=0.483 H5=0.517 H20=0.717
2026-03-23 17:21:19,796  INFO        P3 Epoch  9 | TrainLoss 0.3470 | ValLoss 0.3513 | Gap -0.0043 | ValAcc H1=0.500 H5=0.517 H20=0.717
2026-03-23 17:21:19,796  INFO        Phase 3 early stopping at epoch 9
2026-03-23 17:21:19,797  INFO        Phase 3 complete. Best val_loss: 0.3508
2026-03-23 17:21:19,841  INFO      Phase 3 checkpoint saved: models/fine_tuned/checkpoint_NYSE_AAPL_1D_phase3_20260323.pt
2026-03-23 17:21:19,842  INFO      ============================================================
2026-03-23 17:21:19,842  INFO      Fine-Tuning Summary
2026-03-23 17:21:19,842  INFO        Instrument     : NYSE_AAPL 1D
2026-03-23 17:21:19,842  INFO        Final phase    : 3
2026-03-23 17:21:19,842  INFO        Final checkpoint: models/fine_tuned/checkpoint_NYSE_AAPL_1D_phase3_20260323.pt
2026-03-23 17:21:19,842  INFO        Base model — H1=0.500  H5=0.533  H20=0.717  Mean=0.583
2026-03-23 17:21:19,842  INFO        Fine-tuned — H1=0.550  H5=0.533  H20=0.683  Mean=0.589
2026-03-23 17:21:19,842  INFO        Delta mean accuracy : +0.006  ✓ Fine-tuning improved accuracy
2026-03-23 17:21:19,845  INFO        Metrics saved  : logs/finetune/NYSE_AAPL_1D_20260323_metrics.csv
2026-03-23 17:21:19,845  INFO      Stage 6 complete.
2026-03-23 18:26:53,093  INFO      ============================================================
2026-03-23 18:26:53,094  INFO      Stage 6 Fine-Tuning — Start
2026-03-23 18:26:53,094  INFO      Instrument  : NYSE_AAPL
2026-03-23 18:26:53,094  INFO      Resolution  : 1D
2026-03-23 18:26:53,094  INFO      Device      : cpu
2026-03-23 18:26:53,094  INFO      Base checkpoint: models/base/checkpoint_fold_3.pt
2026-03-23 18:26:53,095  INFO      Loading: NYSE_AAPL_1D_20150101_20260320.npy
2026-03-23 18:26:55,365  INFO        Shape: (2670, 60, 29)  (2670 windows)
2026-03-23 18:26:55,416  INFO        Date range: 2015-08-06 → 2026-03-19  (10.6 years)
2026-03-23 18:26:55,417  INFO        Train windows: 2610  Val windows: 60
2026-03-23 18:26:55,417  INFO      Years of data: 10.6
2026-03-23 18:26:55,433  INFO      Loading base checkpoint: models/base/checkpoint_fold_3.pt
2026-03-23 18:26:56,004  INFO        Base val_loss: 0.3488  (fold 3, epoch 21)
2026-03-23 18:26:56,005  INFO      --------------------------------------------------
2026-03-23 18:26:56,005  INFO      Phase 1 — Head-only adaptation (encoder frozen)
2026-03-23 18:27:12,740  INFO        P1 Epoch  1 | TrainLoss 0.3473 | ValLoss 0.3529 | ValAcc H1=0.517 H5=0.550 H20=0.633
2026-03-23 18:27:14,883  INFO        P1 Epoch  2 | TrainLoss 0.3476 | ValLoss 0.3526 | ValAcc H1=0.500 H5=0.567 H20=0.617
2026-03-23 18:27:16,780  INFO        P1 Epoch  3 | TrainLoss 0.3473 | ValLoss 0.3526 | ValAcc H1=0.500 H5=0.567 H20=0.600
2026-03-23 18:27:18,626  INFO        P1 Epoch  4 | TrainLoss 0.3476 | ValLoss 0.3524 | ValAcc H1=0.483 H5=0.567 H20=0.600
2026-03-23 18:27:20,883  INFO        P1 Epoch  5 | TrainLoss 0.3475 | ValLoss 0.3523 | ValAcc H1=0.483 H5=0.567 H20=0.600
2026-03-23 18:27:22,792  INFO        P1 Epoch  6 | TrainLoss 0.3476 | ValLoss 0.3523 | ValAcc H1=0.500 H5=0.567 H20=0.617
2026-03-23 18:27:25,099  INFO        P1 Epoch  7 | TrainLoss 0.3474 | ValLoss 0.3522 | ValAcc H1=0.500 H5=0.567 H20=0.617
2026-03-23 18:27:27,029  INFO        P1 Epoch  8 | TrainLoss 0.3474 | ValLoss 0.3522 | ValAcc H1=0.483 H5=0.583 H20=0.600
2026-03-23 18:27:28,854  INFO        P1 Epoch  9 | TrainLoss 0.3471 | ValLoss 0.3523 | ValAcc H1=0.500 H5=0.567 H20=0.617
2026-03-23 18:27:31,062  INFO        P1 Epoch 10 | TrainLoss 0.3475 | ValLoss 0.3523 | ValAcc H1=0.483 H5=0.583 H20=0.617
2026-03-23 18:27:32,882  INFO        P1 Epoch 11 | TrainLoss 0.3472 | ValLoss 0.3522 | ValAcc H1=0.500 H5=0.567 H20=0.617
2026-03-23 18:27:35,055  INFO        P1 Epoch 12 | TrainLoss 0.3473 | ValLoss 0.3522 | ValAcc H1=0.500 H5=0.567 H20=0.617
2026-03-23 18:27:37,048  INFO        P1 Epoch 13 | TrainLoss 0.3472 | ValLoss 0.3522 | ValAcc H1=0.500 H5=0.583 H20=0.617
2026-03-23 18:27:38,899  INFO        P1 Epoch 14 | TrainLoss 0.3473 | ValLoss 0.3522 | ValAcc H1=0.500 H5=0.583 H20=0.617
2026-03-23 18:27:41,088  INFO        P1 Epoch 15 | TrainLoss 0.3471 | ValLoss 0.3522 | ValAcc H1=0.500 H5=0.583 H20=0.617
2026-03-23 18:27:42,947  INFO        P1 Epoch 16 | TrainLoss 0.3473 | ValLoss 0.3522 | ValAcc H1=0.500 H5=0.583 H20=0.617
2026-03-23 18:27:45,205  INFO        P1 Epoch 17 | TrainLoss 0.3472 | ValLoss 0.3522 | ValAcc H1=0.500 H5=0.583 H20=0.617
2026-03-23 18:27:47,208  INFO        P1 Epoch 18 | TrainLoss 0.3471 | ValLoss 0.3522 | ValAcc H1=0.500 H5=0.583 H20=0.617
2026-03-23 18:27:49,113  INFO        P1 Epoch 19 | TrainLoss 0.3471 | ValLoss 0.3522 | ValAcc H1=0.500 H5=0.583 H20=0.617
2026-03-23 18:27:51,260  INFO        P1 Epoch 20 | TrainLoss 0.3471 | ValLoss 0.3522 | ValAcc H1=0.483 H5=0.583 H20=0.617
2026-03-23 18:27:53,197  INFO        P1 Epoch 21 | TrainLoss 0.3474 | ValLoss 0.3522 | ValAcc H1=0.500 H5=0.583 H20=0.617
2026-03-23 18:27:55,413  INFO        P1 Epoch 22 | TrainLoss 0.3471 | ValLoss 0.3522 | ValAcc H1=0.500 H5=0.583 H20=0.617
2026-03-23 18:27:57,412  INFO        P1 Epoch 23 | TrainLoss 0.3476 | ValLoss 0.3522 | ValAcc H1=0.500 H5=0.583 H20=0.617
2026-03-23 18:27:59,441  INFO        P1 Epoch 24 | TrainLoss 0.3472 | ValLoss 0.3522 | ValAcc H1=0.500 H5=0.583 H20=0.617
2026-03-23 18:28:01,591  INFO        P1 Epoch 25 | TrainLoss 0.3476 | ValLoss 0.3522 | ValAcc H1=0.500 H5=0.583 H20=0.617
2026-03-23 18:28:03,546  INFO        P1 Epoch 26 | TrainLoss 0.3472 | ValLoss 0.3522 | ValAcc H1=0.500 H5=0.583 H20=0.617
2026-03-23 18:28:03,546  INFO        Phase 1 early stopping at epoch 26
2026-03-23 18:28:03,589  INFO        Phase 1 complete. Best val_loss: 0.3522  H1=0.500 H5=0.583 H20=0.617
2026-03-23 18:28:03,597  INFO      Phase 1 checkpoint saved: models/fine_tuned/checkpoint_NYSE_AAPL_1D_phase1_20260323.pt
2026-03-23 18:28:03,597  INFO      Loading base checkpoint: models/base/checkpoint_fold_3.pt
2026-03-23 18:28:03,610  INFO        Base val_loss: 0.3488  (fold 3, epoch 21)
2026-03-23 18:28:03,669  INFO      Base model H1 accuracy on instrument val set: 0.500
2026-03-23 18:28:03,670  INFO      Fine-tuned  H1 accuracy (Phase 1)           : 0.500
2026-03-23 18:28:03,670  INFO      --------------------------------------------------
2026-03-23 18:28:03,670  INFO      Phase 2 — Verification gate
2026-03-23 18:28:03,676  INFO        Fine-tuned accuracy — H1=0.500  H5=0.583  H20=0.617  Mean=0.567
2026-03-23 18:28:03,676  INFO        Minimum required (mean across horizons) : 0.510
2026-03-23 18:28:03,676  INFO        ✓ Phase 2 PASSED (H1=0.500  H5=0.583  H20=0.617) — proceeding to Phase 3
2026-03-23 18:28:03,676  INFO      --------------------------------------------------
2026-03-23 18:28:03,676  INFO      Phase 3 — Selective encoder unfreeze
2026-03-23 18:28:03,677  INFO        Encoder layers 1 & 2 unfrozen (layer 0 frozen)
2026-03-23 18:28:03,677  INFO        Encoder LR: 1e-05  Head LR: 3e-05
2026-03-23 18:28:03,677  INFO        Dropout: encoder=0.40  head=0.45
2026-03-23 18:28:10,977  INFO        P3 Epoch  1 | TrainLoss 0.3476 | ValLoss 0.3523 | Gap -0.0047 | ValAcc H1=0.483 H5=0.567 H20=0.617
2026-03-23 18:28:18,039  INFO        P3 Epoch  2 | TrainLoss 0.3475 | ValLoss 0.3523 | Gap -0.0048 | ValAcc H1=0.483 H5=0.583 H20=0.650
2026-03-23 18:28:25,064  INFO        P3 Epoch  3 | TrainLoss 0.3472 | ValLoss 0.3523 | Gap -0.0050 | ValAcc H1=0.483 H5=0.583 H20=0.617
2026-03-23 18:28:32,154  INFO        P3 Epoch  4 | TrainLoss 0.3473 | ValLoss 0.3523 | Gap -0.0050 | ValAcc H1=0.500 H5=0.583 H20=0.617
2026-03-23 18:28:39,207  INFO        P3 Epoch  5 | TrainLoss 0.3473 | ValLoss 0.3524 | Gap -0.0052 | ValAcc H1=0.500 H5=0.583 H20=0.617
2026-03-23 18:28:46,325  INFO        P3 Epoch  6 | TrainLoss 0.3474 | ValLoss 0.3526 | Gap -0.0052 | ValAcc H1=0.500 H5=0.583 H20=0.617
2026-03-23 18:28:53,461  INFO        P3 Epoch  7 | TrainLoss 0.3471 | ValLoss 0.3526 | Gap -0.0055 | ValAcc H1=0.500 H5=0.583 H20=0.617
2026-03-23 18:29:00,566  INFO        P3 Epoch  8 | TrainLoss 0.3474 | ValLoss 0.3527 | Gap -0.0053 | ValAcc H1=0.500 H5=0.583 H20=0.617
2026-03-23 18:29:07,646  INFO        P3 Epoch  9 | TrainLoss 0.3472 | ValLoss 0.3528 | Gap -0.0055 | ValAcc H1=0.483 H5=0.583 H20=0.617
2026-03-23 18:29:07,646  INFO        Phase 3 early stopping at epoch 9
2026-03-23 18:29:07,648  INFO        Phase 3 complete. Best val_loss: 0.3523
2026-03-23 18:29:07,695  INFO      Phase 3 checkpoint saved: models/fine_tuned/checkpoint_NYSE_AAPL_1D_phase3_20260323.pt
2026-03-23 18:29:07,695  INFO      ============================================================
2026-03-23 18:29:07,695  INFO      Fine-Tuning Summary
2026-03-23 18:29:07,696  INFO        Instrument     : NYSE_AAPL 1D
2026-03-23 18:29:07,696  INFO        Final phase    : 3
2026-03-23 18:29:07,696  INFO        Final checkpoint: models/fine_tuned/checkpoint_NYSE_AAPL_1D_phase3_20260323.pt
2026-03-23 18:29:07,696  INFO        Base model — H1=0.500  H5=0.533  H20=0.633  Mean=0.556
2026-03-23 18:29:07,696  INFO        Fine-tuned — H1=0.500  H5=0.583  H20=0.617  Mean=0.567
2026-03-23 18:29:07,696  INFO        Delta mean accuracy : +0.011  ✓ Fine-tuning improved accuracy
2026-03-23 18:29:07,775  INFO        Metrics saved  : logs/finetune/NYSE_AAPL_1D_20260323_metrics.csv
2026-03-23 18:29:07,775  INFO      Stage 6 complete.
