2026-03-20 20:19:45,266  INFO      Stage 2 Feature Engineering — Start
2026-03-20 20:19:45,266  INFO      Raw data dir  : /workspaces/congenial-chainsaw/data/raw
2026-03-20 20:19:45,266  INFO      Output dir    : /workspaces/congenial-chainsaw/data/processed
2026-03-20 20:19:45,268  INFO      Found 236 CSV files
2026-03-20 20:19:45,295  INFO      [IDX]  Loaded index ref for 1D: SP500_GSPC_1D_20150101_20260320.csv
2026-03-20 20:19:45,303  INFO      [IDX]  Loaded index ref for 1W: SP500_GSPC_1W_20150101_20260320.csv
2026-03-20 20:19:45,329  INFO      [IDX]  Loaded index ref for 1H: SP500_GSPC_1H_20240330_20260320.csv
2026-03-20 20:19:45,342  INFO      [IDX]  Loaded index ref for 4H: SP500_GSPC_4H_20240330_20260320.csv
2026-03-20 20:19:45,343  INFO      [PROC] ASX_ANZAX_1D_20150101_20260320.csv
2026-03-20 20:19:45,594  INFO        ✓  2690 windows × 29 features
2026-03-20 20:19:45,596  WARNING     ⚠  Regime class 0 is only 1.3% of samples
2026-03-20 20:19:45,596  WARNING     ⚠  Regime class 4 is only 1.9% of samples
2026-03-20 20:19:45,596  WARNING     ⚠  Regime class 5 is only 1.0% of samples
2026-03-20 20:19:45,635  INFO      [PROC] ASX_ANZAX_1H_20240330_20260320.csv
2026-03-20 20:19:45,801  WARNING     ✗  No valid windows produced for ASX_ANZAX_1H_20240330_20260320.csv
2026-03-20 20:19:45,802  INFO      [PROC] ASX_ANZAX_1W_20150101_20260320.csv
2026-03-20 20:19:45,929  WARNING     ✗  No valid windows produced for ASX_ANZAX_1W_20150101_20260320.csv
2026-03-20 20:19:45,929  INFO      [PROC] ASX_ANZAX_4H_20240330_20260320.csv
2026-03-20 20:19:46,041  INFO        ✓  442 windows × 35 features
2026-03-20 20:19:46,041  WARNING     ⚠  Regime class 3 is only 4.8% of samples
2026-03-20 20:19:46,049  INFO      [PROC] ASX_BHPAX_1D_20150101_20260320.csv
2026-03-20 20:19:46,236  INFO        ✓  2690 windows × 29 features
2026-03-20 20:19:46,237  WARNING     ⚠  Regime class 4 is only 2.3% of samples
2026-03-20 20:19:46,237  WARNING     ⚠  Regime class 5 is only 1.3% of samples
2026-03-20 20:19:46,261  INFO      [PROC] ASX_BHPAX_1H_20240330_20260320.csv
2026-03-20 20:19:46,507  WARNING     ✗  No valid windows produced for ASX_BHPAX_1H_20240330_20260320.csv
2026-03-20 20:19:46,508  INFO      [PROC] ASX_BHPAX_1W_20150101_20260320.csv
2026-03-20 20:19:46,589  WARNING     ✗  No valid windows produced for ASX_BHPAX_1W_20150101_20260320.csv
2026-03-20 20:19:46,589  INFO      [PROC] ASX_BHPAX_4H_20240330_20260320.csv
2026-03-20 20:19:46,726  INFO        ✓  440 windows × 35 features
2026-03-20 20:19:46,726  WARNING     ⚠  Regime class 2 is only 0.2% of samples
2026-03-20 20:19:46,727  WARNING     ⚠  Regime class 3 is only 3.2% of samples
2026-03-20 20:19:46,727  WARNING     ⚠  Regime class 4 is only 0.7% of samples
2026-03-20 20:19:46,734  INFO      [PROC] ASX_CBAAX_1D_20150101_20260320.csv
2026-03-20 20:19:46,950  INFO        ✓  2690 windows × 29 features
2026-03-20 20:19:46,950  WARNING     ⚠  Regime class 0 is only 2.9% of samples
2026-03-20 20:19:46,950  WARNING     ⚠  Regime class 3 is only 0.1% of samples
2026-03-20 20:19:46,950  WARNING     ⚠  Regime class 4 is only 2.8% of samples
2026-03-20 20:19:46,950  WARNING     ⚠  Regime class 5 is only 0.4% of samples
2026-03-20 20:19:46,976  INFO      [PROC] ASX_CBAAX_1H_20240330_20260320.csv
2026-03-20 20:19:47,146  WARNING     ✗  No valid windows produced for ASX_CBAAX_1H_20240330_20260320.csv
2026-03-20 20:19:47,146  INFO      [PROC] ASX_CBAAX_1W_20150101_20260320.csv
2026-03-20 20:19:47,244  WARNING     ✗  No valid windows produced for ASX_CBAAX_1W_20150101_20260320.csv
2026-03-20 20:19:47,244  INFO      [PROC] ASX_CBAAX_4H_20240330_20260320.csv
2026-03-20 20:19:47,358  INFO        ✓  442 windows × 35 features
2026-03-20 20:19:47,365  INFO      [PROC] ASX_CSLAX_1D_20150101_20260320.csv
2026-03-20 20:19:47,604  INFO        ✓  2690 windows × 29 features
2026-03-20 20:19:47,605  WARNING     ⚠  Regime class 4 is only 3.7% of samples
2026-03-20 20:19:47,605  WARNING     ⚠  Regime class 5 is only 0.3% of samples
2026-03-20 20:19:47,628  INFO      [PROC] ASX_CSLAX_1H_20240330_20260320.csv
2026-03-20 20:19:47,805  WARNING     ✗  No valid windows produced for ASX_CSLAX_1H_20240330_20260320.csv
2026-03-20 20:19:47,806  INFO      [PROC] ASX_CSLAX_1W_20150101_20260320.csv
2026-03-20 20:19:47,882  WARNING     ✗  No valid windows produced for ASX_CSLAX_1W_20150101_20260320.csv
2026-03-20 20:19:47,882  INFO      [PROC] ASX_CSLAX_4H_20240330_20260320.csv
2026-03-20 20:19:47,991  INFO        ✓  440 windows × 35 features
2026-03-20 20:19:47,991  WARNING     ⚠  Regime class 2 is only 3.0% of samples
2026-03-20 20:19:47,991  WARNING     ⚠  Regime class 3 is only 1.8% of samples
2026-03-20 20:19:47,999  INFO      [PROC] ASX_WBCAX_1D_20150101_20260320.csv
2026-03-20 20:19:48,185  INFO        ✓  2690 windows × 29 features
2026-03-20 20:19:48,185  WARNING     ⚠  Regime class 0 is only 1.4% of samples
2026-03-20 20:19:48,185  WARNING     ⚠  Regime class 3 is only 0.2% of samples
2026-03-20 20:19:48,186  WARNING     ⚠  Regime class 4 is only 4.9% of samples
2026-03-20 20:19:48,186  WARNING     ⚠  Regime class 5 is only 1.0% of samples
2026-03-20 20:19:48,211  INFO      [PROC] ASX_WBCAX_1H_20240330_20260320.csv
2026-03-20 20:19:48,385  WARNING     ✗  No valid windows produced for ASX_WBCAX_1H_20240330_20260320.csv
2026-03-20 20:19:48,385  INFO      [PROC] ASX_WBCAX_1W_20150101_20260320.csv
2026-03-20 20:19:48,506  WARNING     ✗  No valid windows produced for ASX_WBCAX_1W_20150101_20260320.csv
2026-03-20 20:19:48,506  INFO      [PROC] ASX_WBCAX_4H_20240330_20260320.csv
2026-03-20 20:19:48,621  INFO        ✓  442 windows × 35 features
2026-03-20 20:19:48,621  WARNING     ⚠  Regime class 3 is only 0.9% of samples
2026-03-20 20:19:48,621  WARNING     ⚠  Regime class 4 is only 1.4% of samples
2026-03-20 20:19:48,628  INFO      [PROC] CBOT_ZWF_1D_20150101_20260320.csv
2026-03-20 20:19:48,806  INFO        ✓  2669 windows × 29 features
2026-03-20 20:19:48,806  WARNING     ⚠  Regime class 4 is only 0.4% of samples
2026-03-20 20:19:48,807  WARNING     ⚠  Regime class 5 is only 0.8% of samples
2026-03-20 20:19:48,833  INFO      [PROC] CBOT_ZWF_1H_20240330_20260320.csv
2026-03-20 20:19:49,182  INFO        ✓  2386 windows × 35 features
2026-03-20 20:19:49,183  WARNING     ⚠  Regime class 3 is only 3.1% of samples
2026-03-20 20:19:49,210  INFO      [PROC] CBOT_ZWF_1W_20150101_20260320.csv
2026-03-20 20:19:49,306  INFO        ✓  437 windows × 29 features
2026-03-20 20:19:49,306  WARNING     ⚠  Regime class 5 is only 0.2% of samples
2026-03-20 20:19:49,315  INFO      [PROC] CBOT_ZWF_4H_20240330_20260320.csv
2026-03-20 20:19:49,509  INFO        ✓  2278 windows × 35 features
2026-03-20 20:19:49,510  WARNING     ⚠  Regime class 3 is only 0.1% of samples
2026-03-20 20:19:49,535  INFO      [PROC] COMEX_GCF_1D_20150101_20260320.csv
2026-03-20 20:19:50,048  INFO        ✓  2669 windows × 29 features
2026-03-20 20:19:50,049  WARNING     ⚠  Regime class 2 is only 2.3% of samples
2026-03-20 20:19:50,049  WARNING     ⚠  Regime class 3 is only 3.5% of samples
2026-03-20 20:19:50,050  WARNING     ⚠  Regime class 4 is only 1.9% of samples
2026-03-20 20:19:50,080  INFO      [PROC] COMEX_GCF_1H_20240330_20260320.csv
2026-03-20 20:19:50,733  INFO        ✓  2970 windows × 35 features
2026-03-20 20:19:50,733  WARNING     ⚠  Regime class 3 is only 1.0% of samples
2026-03-20 20:19:50,767  INFO      [PROC] COMEX_GCF_1W_20150101_20260320.csv
2026-03-20 20:19:50,859  INFO        ✓  437 windows × 29 features
2026-03-20 20:19:50,860  WARNING     ⚠  Regime class 5 is only 1.6% of samples
2026-03-20 20:19:50,866  INFO      [PROC] COMEX_GCF_4H_20240330_20260320.csv
2026-03-20 20:19:51,187  INFO        ✓  2916 windows × 35 features
2026-03-20 20:19:51,187  WARNING     ⚠  Regime class 2 is only 1.2% of samples
2026-03-20 20:19:51,192  WARNING     ⚠  Regime class 3 is only 2.5% of samples
2026-03-20 20:19:51,192  WARNING     ⚠  Regime class 4 is only 0.1% of samples
2026-03-20 20:19:51,272  INFO      [PROC] COMEX_HGF_1D_20150101_20260320.csv
2026-03-20 20:19:51,524  INFO        ✓  2670 windows × 29 features
2026-03-20 20:19:51,524  WARNING     ⚠  Regime class 0 is only 3.1% of samples
2026-03-20 20:19:51,525  WARNING     ⚠  Regime class 3 is only 0.3% of samples
2026-03-20 20:19:51,525  WARNING     ⚠  Regime class 4 is only 4.6% of samples
2026-03-20 20:19:51,525  WARNING     ⚠  Regime class 5 is only 0.2% of samples
2026-03-20 20:19:51,546  INFO      [PROC] COMEX_HGF_1H_20240330_20260320.csv
2026-03-20 20:19:52,066  INFO        ✓  2968 windows × 35 features
2026-03-20 20:19:52,067  WARNING     ⚠  Regime class 2 is only 0.1% of samples
2026-03-20 20:19:52,067  WARNING     ⚠  Regime class 3 is only 2.1% of samples
2026-03-20 20:19:52,067  WARNING     ⚠  Regime class 4 is only 0.3% of samples
2026-03-20 20:19:52,097  INFO      [PROC] COMEX_HGF_1W_20150101_20260320.csv
2026-03-20 20:19:52,187  INFO        ✓  437 windows × 29 features
2026-03-20 20:19:52,187  WARNING     ⚠  Regime class 1 is only 0.2% of samples
2026-03-20 20:19:52,194  INFO      [PROC] COMEX_HGF_4H_20240330_20260320.csv
2026-03-20 20:19:52,428  INFO        ✓  2916 windows × 35 features
2026-03-20 20:19:52,429  WARNING     ⚠  Regime class 2 is only 2.2% of samples
2026-03-20 20:19:52,429  WARNING     ⚠  Regime class 3 is only 3.9% of samples
2026-03-20 20:19:52,429  WARNING     ⚠  Regime class 4 is only 0.7% of samples
2026-03-20 20:19:52,525  INFO      [PROC] COMEX_SIF_1D_20150101_20260320.csv
2026-03-20 20:19:52,872  INFO        ✓  2669 windows × 29 features
2026-03-20 20:19:52,872  WARNING     ⚠  Regime class 3 is only 0.9% of samples
2026-03-20 20:19:52,872  WARNING     ⚠  Regime class 4 is only 3.7% of samples
2026-03-20 20:19:52,873  WARNING     ⚠  Regime class 5 is only 0.3% of samples
2026-03-20 20:19:52,900  INFO      [PROC] COMEX_SIF_1H_20240330_20260320.csv
2026-03-20 20:19:53,339  INFO        ✓  2969 windows × 35 features
2026-03-20 20:19:53,340  WARNING     ⚠  Regime class 2 is only 0.1% of samples
2026-03-20 20:19:53,340  WARNING     ⚠  Regime class 3 is only 1.7% of samples
2026-03-20 20:19:53,340  WARNING     ⚠  Regime class 4 is only 0.0% of samples
2026-03-20 20:19:53,389  INFO      [PROC] COMEX_SIF_1W_20150101_20260320.csv
2026-03-20 20:19:53,475  INFO        ✓  437 windows × 29 features
2026-03-20 20:19:53,475  WARNING     ⚠  Regime class 1 is only 0.9% of samples
2026-03-20 20:19:53,475  WARNING     ⚠  Regime class 5 is only 0.2% of samples
2026-03-20 20:19:53,483  INFO      [PROC] COMEX_SIF_4H_20240330_20260320.csv
2026-03-20 20:19:53,747  INFO        ✓  2916 windows × 35 features
2026-03-20 20:19:53,747  WARNING     ⚠  Regime class 3 is only 0.6% of samples
2026-03-20 20:19:53,747  WARNING     ⚠  Regime class 4 is only 0.6% of samples
2026-03-20 20:19:53,748  WARNING     ⚠  Regime class 5 is only 0.4% of samples
2026-03-20 20:19:53,785  INFO      [PROC] CRYPTO_BTC-USD_1D_20150101_20260320.csv
2026-03-20 20:19:54,102  INFO        ✓  3947 windows × 29 features
2026-03-20 20:19:54,102  WARNING     ⚠  Regime class 0 is only 0.9% of samples
2026-03-20 20:19:54,103  WARNING     ⚠  Regime class 3 is only 0.3% of samples
2026-03-20 20:19:54,103  WARNING     ⚠  Regime class 4 is only 1.5% of samples
2026-03-20 20:19:54,103  WARNING     ⚠  Regime class 5 is only 2.3% of samples
2026-03-20 20:19:54,160  INFO      [PROC] CRYPTO_BTC-USD_1H_20240330_20260320.csv
2026-03-20 20:19:54,777  WARNING     ✗  No valid windows produced for CRYPTO_BTC-USD_1H_20240330_20260320.csv
2026-03-20 20:19:54,778  INFO      [PROC] CRYPTO_BTC-USD_1W_20150101_20260320.csv
2026-03-20 20:19:54,920  INFO        ✓  437 windows × 29 features
2026-03-20 20:19:54,930  INFO      [PROC] CRYPTO_BTC-USD_4H_20240330_20260320.csv
2026-03-20 20:19:55,769  INFO        ✓  4133 windows × 35 features
2026-03-20 20:19:55,771  WARNING     ⚠  Regime class 2 is only 3.7% of samples
2026-03-20 20:19:55,771  WARNING     ⚠  Regime class 3 is only 1.5% of samples
2026-03-20 20:19:55,771  WARNING     ⚠  Regime class 4 is only 0.8% of samples
2026-03-20 20:19:55,853  INFO      [PROC] CRYPTO_ETH-USD_1D_20150101_20260320.csv
2026-03-20 20:19:56,457  INFO        ✓  2904 windows × 29 features
2026-03-20 20:19:56,458  WARNING     ⚠  Regime class 1 is only 2.8% of samples
2026-03-20 20:19:56,458  WARNING     ⚠  Regime class 4 is only 0.6% of samples
2026-03-20 20:19:56,530  INFO      [PROC] CRYPTO_ETH-USD_1H_20240330_20260320.csv
2026-03-20 20:19:58,449  WARNING     ✗  No valid windows produced for CRYPTO_ETH-USD_1H_20240330_20260320.csv
2026-03-20 20:19:58,451  INFO      [PROC] CRYPTO_ETH-USD_1W_20150101_20260320.csv
2026-03-20 20:19:58,707  WARNING     ✗  No valid windows produced for CRYPTO_ETH-USD_1W_20150101_20260320.csv
2026-03-20 20:19:58,707  INFO      [PROC] CRYPTO_ETH-USD_4H_20240330_20260320.csv
2026-03-20 20:19:59,362  INFO        ✓  4135 windows × 35 features
2026-03-20 20:19:59,363  WARNING     ⚠  Regime class 0 is only 3.7% of samples
2026-03-20 20:19:59,364  WARNING     ⚠  Regime class 3 is only 0.2% of samples
2026-03-20 20:19:59,364  WARNING     ⚠  Regime class 4 is only 2.5% of samples
2026-03-20 20:19:59,364  WARNING     ⚠  Regime class 5 is only 0.4% of samples
2026-03-20 20:19:59,453  INFO      [PROC] DAX_GDAXI_1D_20150101_20260320.csv
2026-03-20 20:20:00,323  INFO        ✓  2696 windows × 29 features
2026-03-20 20:20:00,330  WARNING     ⚠  Regime class 3 is only 3.3% of samples
2026-03-20 20:20:00,330  WARNING     ⚠  Regime class 4 is only 1.1% of samples
2026-03-20 20:20:00,330  WARNING     ⚠  Regime class 5 is only 0.1% of samples
2026-03-20 20:20:00,427  INFO      [PROC] DAX_GDAXI_1H_20240330_20260320.csv
2026-03-20 20:20:01,022  WARNING     ✗  No valid windows produced for DAX_GDAXI_1H_20240330_20260320.csv
2026-03-20 20:20:01,022  INFO      [PROC] DAX_GDAXI_1W_20150101_20260320.csv
2026-03-20 20:20:01,335  WARNING     ✗  No valid windows produced for DAX_GDAXI_1W_20150101_20260320.csv
2026-03-20 20:20:01,336  INFO      [PROC] DAX_GDAXI_4H_20240330_20260320.csv
2026-03-20 20:20:01,685  INFO        ✓  1352 windows × 35 features
2026-03-20 20:20:01,686  WARNING     ⚠  Regime class 2 is only 1.0% of samples
2026-03-20 20:20:01,720  INFO      [PROC] EURONEXT_ASMLAS_1D_20150101_20260320.csv
2026-03-20 20:20:02,345  INFO        ✓  2721 windows × 29 features
2026-03-20 20:20:02,345  WARNING     ⚠  Regime class 4 is only 2.5% of samples
2026-03-20 20:20:02,346  WARNING     ⚠  Regime class 5 is only 0.4% of samples
2026-03-20 20:20:02,388  INFO      [PROC] EURONEXT_ASMLAS_1H_20240330_20260320.csv
2026-03-20 20:20:03,058  WARNING     ✗  No valid windows produced for EURONEXT_ASMLAS_1H_20240330_20260320.csv
2026-03-20 20:20:03,059  INFO      [PROC] EURONEXT_ASMLAS_1W_20150101_20260320.csv
2026-03-20 20:20:03,465  WARNING     ✗  No valid windows produced for EURONEXT_ASMLAS_1W_20150101_20260320.csv
2026-03-20 20:20:03,466  INFO      [PROC] EURONEXT_ASMLAS_4H_20240330_20260320.csv
2026-03-20 20:20:03,739  INFO        ✓  1356 windows × 35 features
2026-03-20 20:20:03,740  WARNING     ⚠  Regime class 0 is only 1.2% of samples
2026-03-20 20:20:03,781  INFO      [PROC] EURONEXT_MCPA_1D_20150101_20260320.csv
2026-03-20 20:20:04,128  INFO        ✓  2722 windows × 29 features
2026-03-20 20:20:04,129  WARNING     ⚠  Regime class 0 is only 0.3% of samples
2026-03-20 20:20:04,130  WARNING     ⚠  Regime class 4 is only 4.1% of samples
2026-03-20 20:20:04,131  WARNING     ⚠  Regime class 5 is only 1.0% of samples
2026-03-20 20:20:04,176  INFO      [PROC] EURONEXT_MCPA_1H_20240330_20260320.csv
2026-03-20 20:20:04,542  WARNING     ✗  No valid windows produced for EURONEXT_MCPA_1H_20240330_20260320.csv
2026-03-20 20:20:04,543  INFO      [PROC] EURONEXT_MCPA_1W_20150101_20260320.csv
2026-03-20 20:20:04,650  WARNING     ✗  No valid windows produced for EURONEXT_MCPA_1W_20150101_20260320.csv
2026-03-20 20:20:04,650  INFO      [PROC] EURONEXT_MCPA_4H_20240330_20260320.csv
2026-03-20 20:20:04,814  INFO        ✓  1356 windows × 35 features
2026-03-20 20:20:04,814  WARNING     ⚠  Regime class 2 is only 2.4% of samples
2026-03-20 20:20:04,814  WARNING     ⚠  Regime class 3 is only 0.7% of samples
2026-03-20 20:20:04,831  INFO      [PROC] EURONEXT_SAPDE_1D_20150101_20260320.csv
2026-03-20 20:20:05,072  INFO        ✓  2701 windows × 29 features
2026-03-20 20:20:05,073  WARNING     ⚠  Regime class 0 is only 1.0% of samples
2026-03-20 20:20:05,073  WARNING     ⚠  Regime class 4 is only 3.1% of samples
2026-03-20 20:20:05,073  WARNING     ⚠  Regime class 5 is only 0.2% of samples
2026-03-20 20:20:05,096  INFO      [PROC] EURONEXT_SAPDE_1H_20240330_20260320.csv
2026-03-20 20:20:05,332  WARNING     ✗  No valid windows produced for EURONEXT_SAPDE_1H_20240330_20260320.csv
2026-03-20 20:20:05,332  INFO      [PROC] EURONEXT_SAPDE_1W_20150101_20260320.csv
2026-03-20 20:20:05,411  WARNING     ✗  No valid windows produced for EURONEXT_SAPDE_1W_20150101_20260320.csv
2026-03-20 20:20:05,411  INFO      [PROC] EURONEXT_SAPDE_4H_20240330_20260320.csv
2026-03-20 20:20:05,546  INFO        ✓  1346 windows × 35 features
2026-03-20 20:20:05,546  WARNING     ⚠  Regime class 2 is only 3.2% of samples
2026-03-20 20:20:05,546  WARNING     ⚠  Regime class 3 is only 1.3% of samples
2026-03-20 20:20:05,546  WARNING     ⚠  Regime class 4 is only 2.7% of samples
2026-03-20 20:20:05,562  INFO      [PROC] EURONEXT_SIEDE_1D_20150101_20260320.csv
2026-03-20 20:20:05,757  INFO        ✓  2701 windows × 29 features
2026-03-20 20:20:05,757  WARNING     ⚠  Regime class 0 is only 0.2% of samples
2026-03-20 20:20:05,757  WARNING     ⚠  Regime class 4 is only 3.7% of samples
2026-03-20 20:20:05,789  INFO      [PROC] EURONEXT_SIEDE_1H_20240330_20260320.csv
2026-03-20 20:20:06,037  WARNING     ✗  No valid windows produced for EURONEXT_SIEDE_1H_20240330_20260320.csv
2026-03-20 20:20:06,037  INFO      [PROC] EURONEXT_SIEDE_1W_20150101_20260320.csv
2026-03-20 20:20:06,113  WARNING     ✗  No valid windows produced for EURONEXT_SIEDE_1W_20150101_20260320.csv
2026-03-20 20:20:06,113  INFO      [PROC] EURONEXT_SIEDE_4H_20240330_20260320.csv
2026-03-20 20:20:06,248  INFO        ✓  1346 windows × 35 features
2026-03-20 20:20:06,248  WARNING     ⚠  Regime class 2 is only 2.5% of samples
2026-03-20 20:20:06,248  WARNING     ⚠  Regime class 3 is only 1.2% of samples
2026-03-20 20:20:06,248  WARNING     ⚠  Regime class 4 is only 1.3% of samples
2026-03-20 20:20:06,248  WARNING     ⚠  Regime class 5 is only 0.1% of samples
2026-03-20 20:20:06,264  INFO      [PROC] EURONEXT_TTEPA_1D_20150101_20260320.csv
2026-03-20 20:20:06,466  INFO        ✓  2722 windows × 29 features
2026-03-20 20:20:06,466  WARNING     ⚠  Regime class 0 is only 0.4% of samples
2026-03-20 20:20:06,466  WARNING     ⚠  Regime class 4 is only 0.3% of samples
2026-03-20 20:20:06,492  INFO      [PROC] EURONEXT_TTEPA_1H_20240330_20260320.csv
2026-03-20 20:20:06,723  WARNING     ✗  No valid windows produced for EURONEXT_TTEPA_1H_20240330_20260320.csv
2026-03-20 20:20:06,723  INFO      [PROC] EURONEXT_TTEPA_1W_20150101_20260320.csv
2026-03-20 20:20:06,803  WARNING     ✗  No valid windows produced for EURONEXT_TTEPA_1W_20150101_20260320.csv
2026-03-20 20:20:06,803  INFO      [PROC] EURONEXT_TTEPA_4H_20240330_20260320.csv
2026-03-20 20:20:06,939  INFO        ✓  1356 windows × 35 features
2026-03-20 20:20:06,939  WARNING     ⚠  Regime class 2 is only 1.3% of samples
2026-03-20 20:20:06,939  WARNING     ⚠  Regime class 3 is only 3.5% of samples
2026-03-20 20:20:06,939  WARNING     ⚠  Regime class 4 is only 1.6% of samples
2026-03-20 20:20:06,957  INFO      [PROC] FOREXCOM_AUDNZDX_1D_20150101_20260320.csv
2026-03-20 20:20:07,204  INFO        ✓  2771 windows × 29 features
2026-03-20 20:20:07,233  INFO      [PROC] FOREXCOM_AUDNZDX_1H_20240330_20260320.csv
2026-03-20 20:20:07,668  WARNING     ✗  No valid windows produced for FOREXCOM_AUDNZDX_1H_20240330_20260320.csv
2026-03-20 20:20:07,668  INFO      [PROC] FOREXCOM_AUDNZDX_1W_20150101_20260320.csv
2026-03-20 20:20:07,754  INFO        ✓  437 windows × 29 features
2026-03-20 20:20:07,754  WARNING     ⚠  Regime class 0 is only 4.1% of samples
2026-03-20 20:20:07,760  INFO      [PROC] FOREXCOM_AUDNZDX_4H_20240330_20260320.csv
2026-03-20 20:20:07,977  INFO        ✓  2995 windows × 35 features
2026-03-20 20:20:08,006  INFO      [PROC] FOREXCOM_AUDUSDX_1D_20150101_20260320.csv
2026-03-20 20:20:08,206  INFO        ✓  2769 windows × 29 features
2026-03-20 20:20:08,207  WARNING     ⚠  Regime class 2 is only 1.0% of samples
2026-03-20 20:20:08,207  WARNING     ⚠  Regime class 3 is only 0.0% of samples
2026-03-20 20:20:08,233  INFO      [PROC] FOREXCOM_AUDUSDX_1H_20240330_20260320.csv
2026-03-20 20:20:08,627  WARNING     ✗  No valid windows produced for FOREXCOM_AUDUSDX_1H_20240330_20260320.csv
2026-03-20 20:20:08,627  INFO      [PROC] FOREXCOM_AUDUSDX_1W_20150101_20260320.csv
2026-03-20 20:20:08,717  INFO        ✓  437 windows × 29 features
2026-03-20 20:20:08,723  INFO      [PROC] FOREXCOM_AUDUSDX_4H_20240330_20260320.csv
2026-03-20 20:20:09,008  INFO        ✓  2995 windows × 35 features
2026-03-20 20:20:09,008  WARNING     ⚠  Regime class 1 is only 0.9% of samples
2026-03-20 20:20:09,008  WARNING     ⚠  Regime class 3 is only 2.8% of samples
2026-03-20 20:20:09,053  INFO      [PROC] FOREXCOM_EURCHFX_1D_20150101_20260320.csv
2026-03-20 20:20:09,331  INFO        ✓  2770 windows × 29 features
2026-03-20 20:20:09,332  WARNING     ⚠  Regime class 1 is only 3.0% of samples
2026-03-20 20:20:09,332  WARNING     ⚠  Regime class 2 is only 0.0% of samples
2026-03-20 20:20:09,332  WARNING     ⚠  Regime class 3 is only 0.1% of samples
2026-03-20 20:20:09,363  INFO      [PROC] FOREXCOM_EURCHFX_1H_20240330_20260320.csv
2026-03-20 20:20:09,970  WARNING     ✗  No valid windows produced for FOREXCOM_EURCHFX_1H_20240330_20260320.csv
2026-03-20 20:20:09,970  INFO      [PROC] FOREXCOM_EURCHFX_1W_20150101_20260320.csv
2026-03-20 20:20:10,114  INFO        ✓  437 windows × 29 features
2026-03-20 20:20:10,115  WARNING     ⚠  Regime class 2 is only 0.7% of samples
2026-03-20 20:20:10,127  INFO      [PROC] FOREXCOM_EURCHFX_4H_20240330_20260320.csv
2026-03-20 20:20:11,105  INFO        ✓  2987 windows × 35 features
2026-03-20 20:20:11,106  WARNING     ⚠  Regime class 3 is only 0.6% of samples
2026-03-20 20:20:11,162  INFO      [PROC] FOREXCOM_EURGBPX_1D_20150101_20260320.csv
2026-03-20 20:20:12,102  INFO        ✓  2770 windows × 29 features
2026-03-20 20:20:12,102  WARNING     ⚠  Regime class 2 is only 0.2% of samples
2026-03-20 20:20:12,103  WARNING     ⚠  Regime class 3 is only 0.6% of samples
2026-03-20 20:20:12,157  INFO      [PROC] FOREXCOM_EURGBPX_1H_20240330_20260320.csv
2026-03-20 20:20:13,041  WARNING     ✗  No valid windows produced for FOREXCOM_EURGBPX_1H_20240330_20260320.csv
2026-03-20 20:20:13,041  INFO      [PROC] FOREXCOM_EURGBPX_1W_20150101_20260320.csv
2026-03-20 20:20:13,126  INFO        ✓  437 windows × 29 features
2026-03-20 20:20:13,133  INFO      [PROC] FOREXCOM_EURGBPX_4H_20240330_20260320.csv
2026-03-20 20:20:13,407  INFO        ✓  2989 windows × 35 features
2026-03-20 20:20:13,408  WARNING     ⚠  Regime class 3 is only 0.1% of samples
2026-03-20 20:20:13,437  INFO      [PROC] FOREXCOM_EURUSDX_1D_20150101_20260320.csv
2026-03-20 20:20:13,653  INFO        ✓  2769 windows × 29 features
2026-03-20 20:20:13,654  WARNING     ⚠  Regime class 3 is only 0.3% of samples
2026-03-20 20:20:13,689  INFO      [PROC] FOREXCOM_EURUSDX_1H_20240330_20260320.csv
2026-03-20 20:20:14,248  WARNING     ✗  No valid windows produced for FOREXCOM_EURUSDX_1H_20240330_20260320.csv
2026-03-20 20:20:14,249  INFO      [PROC] FOREXCOM_EURUSDX_1W_20150101_20260320.csv
2026-03-20 20:20:14,327  INFO        ✓  437 windows × 29 features
2026-03-20 20:20:14,327  WARNING     ⚠  Regime class 0 is only 2.5% of samples
2026-03-20 20:20:14,328  WARNING     ⚠  Regime class 2 is only 4.1% of samples
2026-03-20 20:20:14,357  INFO      [PROC] FOREXCOM_EURUSDX_4H_20240330_20260320.csv
2026-03-20 20:20:14,620  INFO        ✓  2986 windows × 35 features
2026-03-20 20:20:14,620  WARNING     ⚠  Regime class 3 is only 3.6% of samples
2026-03-20 20:20:14,678  INFO      [PROC] FOREXCOM_GBPJPYX_1D_20150101_20260320.csv
2026-03-20 20:20:14,976  INFO        ✓  2770 windows × 29 features
2026-03-20 20:20:14,977  WARNING     ⚠  Regime class 2 is only 1.0% of samples
2026-03-20 20:20:14,977  WARNING     ⚠  Regime class 3 is only 0.8% of samples
2026-03-20 20:20:14,977  WARNING     ⚠  Regime class 4 is only 0.6% of samples
2026-03-20 20:20:15,012  INFO      [PROC] FOREXCOM_GBPJPYX_1H_20240330_20260320.csv
2026-03-20 20:20:16,698  WARNING     ✗  No valid windows produced for FOREXCOM_GBPJPYX_1H_20240330_20260320.csv
2026-03-20 20:20:16,698  INFO      [PROC] FOREXCOM_GBPJPYX_1W_20150101_20260320.csv
2026-03-20 20:20:17,138  INFO        ✓  437 windows × 29 features
2026-03-20 20:20:17,161  INFO      [PROC] FOREXCOM_GBPJPYX_4H_20240330_20260320.csv
2026-03-20 20:20:58,972  INFO      Stage 2 Feature Engineering — Start
2026-03-20 20:20:58,972  INFO      Raw data dir  : /workspaces/congenial-chainsaw/data/raw
2026-03-20 20:20:58,972  INFO      Output dir    : /workspaces/congenial-chainsaw/data/processed
2026-03-20 20:20:58,973  INFO      Found 236 CSV files
2026-03-20 20:20:58,986  INFO      [IDX]  Loaded index ref for 1D: SP500_GSPC_1D_20150101_20260320.csv
2026-03-20 20:20:58,989  INFO      [IDX]  Loaded index ref for 1W: SP500_GSPC_1W_20150101_20260320.csv
2026-03-20 20:20:59,006  INFO      [IDX]  Loaded index ref for 1H: SP500_GSPC_1H_20240330_20260320.csv
2026-03-20 20:20:59,013  INFO      [IDX]  Loaded index ref for 4H: SP500_GSPC_4H_20240330_20260320.csv
2026-03-20 20:20:59,013  INFO      [PROC] ASX_ANZAX_1D_20150101_20260320.csv
2026-03-20 20:20:59,200  INFO        ✓  2690 windows × 29 features
2026-03-20 20:20:59,200  WARNING     ⚠  Regime class 0 is only 1.3% of samples
2026-03-20 20:20:59,200  WARNING     ⚠  Regime class 4 is only 1.9% of samples
2026-03-20 20:20:59,200  WARNING     ⚠  Regime class 5 is only 1.0% of samples
2026-03-20 20:20:59,237  INFO      [PROC] ASX_ANZAX_1H_20240330_20260320.csv
2026-03-20 20:20:59,418  WARNING     ✗  No valid windows produced for ASX_ANZAX_1H_20240330_20260320.csv
2026-03-20 20:20:59,418  INFO      [PROC] ASX_ANZAX_1W_20150101_20260320.csv
2026-03-20 20:20:59,537  WARNING     ✗  No valid windows produced for ASX_ANZAX_1W_20150101_20260320.csv
2026-03-20 20:20:59,537  INFO      [PROC] ASX_ANZAX_4H_20240330_20260320.csv
2026-03-20 20:20:59,663  INFO        ✓  442 windows × 35 features
2026-03-20 20:20:59,664  WARNING     ⚠  Regime class 3 is only 4.8% of samples
2026-03-20 20:20:59,675  INFO      [PROC] ASX_BHPAX_1D_20150101_20260320.csv
2026-03-20 20:20:59,922  INFO        ✓  2690 windows × 29 features
2026-03-20 20:20:59,922  WARNING     ⚠  Regime class 4 is only 2.3% of samples
2026-03-20 20:20:59,922  WARNING     ⚠  Regime class 5 is only 1.3% of samples
2026-03-20 20:20:59,951  INFO      [PROC] ASX_BHPAX_1H_20240330_20260320.csv
2026-03-20 20:21:00,116  WARNING     ✗  No valid windows produced for ASX_BHPAX_1H_20240330_20260320.csv
2026-03-20 20:21:00,117  INFO      [PROC] ASX_BHPAX_1W_20150101_20260320.csv
2026-03-20 20:21:00,191  WARNING     ✗  No valid windows produced for ASX_BHPAX_1W_20150101_20260320.csv
2026-03-20 20:21:00,191  INFO      [PROC] ASX_BHPAX_4H_20240330_20260320.csv
2026-03-20 20:21:00,301  INFO        ✓  440 windows × 35 features
2026-03-20 20:21:00,301  WARNING     ⚠  Regime class 2 is only 0.2% of samples
2026-03-20 20:21:00,301  WARNING     ⚠  Regime class 3 is only 3.2% of samples
2026-03-20 20:21:00,301  WARNING     ⚠  Regime class 4 is only 0.7% of samples
2026-03-20 20:21:00,310  INFO      [PROC] ASX_CBAAX_1D_20150101_20260320.csv
2026-03-20 20:21:00,491  INFO        ✓  2690 windows × 29 features
2026-03-20 20:21:00,492  WARNING     ⚠  Regime class 0 is only 2.9% of samples
2026-03-20 20:21:00,492  WARNING     ⚠  Regime class 3 is only 0.1% of samples
2026-03-20 20:21:00,492  WARNING     ⚠  Regime class 4 is only 2.8% of samples
2026-03-20 20:21:00,492  WARNING     ⚠  Regime class 5 is only 0.4% of samples
2026-03-20 20:21:00,516  INFO      [PROC] ASX_CBAAX_1H_20240330_20260320.csv
2026-03-20 20:21:00,726  WARNING     ✗  No valid windows produced for ASX_CBAAX_1H_20240330_20260320.csv
2026-03-20 20:21:00,727  INFO      [PROC] ASX_CBAAX_1W_20150101_20260320.csv
2026-03-20 20:21:00,800  WARNING     ✗  No valid windows produced for ASX_CBAAX_1W_20150101_20260320.csv
2026-03-20 20:21:00,800  INFO      [PROC] ASX_CBAAX_4H_20240330_20260320.csv
2026-03-20 20:21:00,912  INFO        ✓  442 windows × 35 features
2026-03-20 20:21:00,922  INFO      [PROC] ASX_CSLAX_1D_20150101_20260320.csv
2026-03-20 20:21:01,090  INFO        ✓  2690 windows × 29 features
2026-03-20 20:21:01,090  WARNING     ⚠  Regime class 4 is only 3.7% of samples
2026-03-20 20:21:01,090  WARNING     ⚠  Regime class 5 is only 0.3% of samples
2026-03-20 20:21:01,114  INFO      [PROC] ASX_CSLAX_1H_20240330_20260320.csv
2026-03-20 20:21:01,280  WARNING     ✗  No valid windows produced for ASX_CSLAX_1H_20240330_20260320.csv
2026-03-20 20:21:01,281  INFO      [PROC] ASX_CSLAX_1W_20150101_20260320.csv
2026-03-20 20:21:01,355  WARNING     ✗  No valid windows produced for ASX_CSLAX_1W_20150101_20260320.csv
2026-03-20 20:21:01,355  INFO      [PROC] ASX_CSLAX_4H_20240330_20260320.csv
2026-03-20 20:21:01,471  INFO        ✓  440 windows × 35 features
2026-03-20 20:21:01,471  WARNING     ⚠  Regime class 2 is only 3.0% of samples
2026-03-20 20:21:01,471  WARNING     ⚠  Regime class 3 is only 1.8% of samples
2026-03-20 20:21:01,479  INFO      [PROC] ASX_WBCAX_1D_20150101_20260320.csv
2026-03-20 20:21:01,831  INFO        ✓  2690 windows × 29 features
2026-03-20 20:21:01,831  WARNING     ⚠  Regime class 0 is only 1.4% of samples
2026-03-20 20:21:01,831  WARNING     ⚠  Regime class 3 is only 0.2% of samples
2026-03-20 20:21:01,831  WARNING     ⚠  Regime class 4 is only 4.9% of samples
2026-03-20 20:21:01,832  WARNING     ⚠  Regime class 5 is only 1.0% of samples
2026-03-20 20:21:01,882  INFO      [PROC] ASX_WBCAX_1H_20240330_20260320.csv
2026-03-20 20:21:02,058  WARNING     ✗  No valid windows produced for ASX_WBCAX_1H_20240330_20260320.csv
2026-03-20 20:21:02,058  INFO      [PROC] ASX_WBCAX_1W_20150101_20260320.csv
2026-03-20 20:21:02,132  WARNING     ✗  No valid windows produced for ASX_WBCAX_1W_20150101_20260320.csv
2026-03-20 20:21:02,132  INFO      [PROC] ASX_WBCAX_4H_20240330_20260320.csv
2026-03-20 20:21:02,240  INFO        ✓  442 windows × 35 features
2026-03-20 20:21:02,240  WARNING     ⚠  Regime class 3 is only 0.9% of samples
2026-03-20 20:21:02,240  WARNING     ⚠  Regime class 4 is only 1.4% of samples
2026-03-20 20:21:02,249  INFO      [PROC] CBOT_ZWF_1D_20150101_20260320.csv
2026-03-20 20:21:02,451  INFO        ✓  2669 windows × 29 features
2026-03-20 20:21:02,452  WARNING     ⚠  Regime class 4 is only 0.4% of samples
2026-03-20 20:21:02,452  WARNING     ⚠  Regime class 5 is only 0.8% of samples
2026-03-20 20:21:02,478  INFO      [PROC] CBOT_ZWF_1H_20240330_20260320.csv
2026-03-20 20:21:02,823  INFO        ✓  2386 windows × 35 features
2026-03-20 20:21:02,823  WARNING     ⚠  Regime class 3 is only 3.1% of samples
2026-03-20 20:21:02,852  INFO      [PROC] CBOT_ZWF_1W_20150101_20260320.csv
2026-03-20 20:21:02,941  INFO        ✓  437 windows × 29 features
2026-03-20 20:21:02,941  WARNING     ⚠  Regime class 5 is only 0.2% of samples
2026-03-20 20:21:02,948  INFO      [PROC] CBOT_ZWF_4H_20240330_20260320.csv
2026-03-20 20:21:03,119  INFO        ✓  2278 windows × 35 features
2026-03-20 20:21:03,119  WARNING     ⚠  Regime class 3 is only 0.1% of samples
2026-03-20 20:21:03,143  INFO      [PROC] COMEX_GCF_1D_20150101_20260320.csv
2026-03-20 20:21:03,323  INFO        ✓  2669 windows × 29 features
2026-03-20 20:21:03,323  WARNING     ⚠  Regime class 2 is only 2.3% of samples
2026-03-20 20:21:03,324  WARNING     ⚠  Regime class 3 is only 3.5% of samples
2026-03-20 20:21:03,324  WARNING     ⚠  Regime class 4 is only 1.9% of samples
2026-03-20 20:21:03,346  INFO      [PROC] COMEX_GCF_1H_20240330_20260320.csv
2026-03-20 20:21:03,793  INFO        ✓  2970 windows × 35 features
2026-03-20 20:21:03,801  WARNING     ⚠  Regime class 3 is only 1.0% of samples
2026-03-20 20:21:03,901  INFO      [PROC] COMEX_GCF_1W_20150101_20260320.csv
2026-03-20 20:21:03,989  INFO        ✓  437 windows × 29 features
2026-03-20 20:21:03,990  WARNING     ⚠  Regime class 5 is only 1.6% of samples
2026-03-20 20:21:04,001  INFO      [PROC] COMEX_GCF_4H_20240330_20260320.csv
2026-03-20 20:21:04,223  INFO        ✓  2916 windows × 35 features
2026-03-20 20:21:04,223  WARNING     ⚠  Regime class 2 is only 1.2% of samples
2026-03-20 20:21:04,224  WARNING     ⚠  Regime class 3 is only 2.5% of samples
2026-03-20 20:21:04,224  WARNING     ⚠  Regime class 4 is only 0.1% of samples
2026-03-20 20:21:04,258  INFO      [PROC] COMEX_HGF_1D_20150101_20260320.csv
2026-03-20 20:21:04,480  INFO        ✓  2670 windows × 29 features
2026-03-20 20:21:04,481  WARNING     ⚠  Regime class 0 is only 3.1% of samples
2026-03-20 20:21:04,481  WARNING     ⚠  Regime class 3 is only 0.3% of samples
2026-03-20 20:21:04,481  WARNING     ⚠  Regime class 4 is only 4.6% of samples
2026-03-20 20:21:04,481  WARNING     ⚠  Regime class 5 is only 0.2% of samples
2026-03-20 20:21:04,508  INFO      [PROC] COMEX_HGF_1H_20240330_20260320.csv
2026-03-20 20:21:05,015  INFO        ✓  2968 windows × 35 features
2026-03-20 20:21:05,016  WARNING     ⚠  Regime class 2 is only 0.1% of samples
2026-03-20 20:21:05,016  WARNING     ⚠  Regime class 3 is only 2.1% of samples
2026-03-20 20:21:05,016  WARNING     ⚠  Regime class 4 is only 0.3% of samples
2026-03-20 20:21:05,240  INFO      [PROC] COMEX_HGF_1W_20150101_20260320.csv
2026-03-20 20:21:05,326  INFO        ✓  437 windows × 29 features
2026-03-20 20:21:05,327  WARNING     ⚠  Regime class 1 is only 0.2% of samples
2026-03-20 20:21:05,335  INFO      [PROC] COMEX_HGF_4H_20240330_20260320.csv
2026-03-20 20:21:05,540  INFO        ✓  2916 windows × 35 features
2026-03-20 20:21:05,540  WARNING     ⚠  Regime class 2 is only 2.2% of samples
2026-03-20 20:21:05,540  WARNING     ⚠  Regime class 3 is only 3.9% of samples
2026-03-20 20:21:05,540  WARNING     ⚠  Regime class 4 is only 0.7% of samples
2026-03-20 20:21:05,603  INFO      [PROC] COMEX_SIF_1D_20150101_20260320.csv
2026-03-20 20:21:05,799  INFO        ✓  2669 windows × 29 features
2026-03-20 20:21:05,799  WARNING     ⚠  Regime class 3 is only 0.9% of samples
2026-03-20 20:21:05,799  WARNING     ⚠  Regime class 4 is only 3.7% of samples
2026-03-20 20:21:05,799  WARNING     ⚠  Regime class 5 is only 0.3% of samples
2026-03-20 20:21:05,821  INFO      [PROC] COMEX_SIF_1H_20240330_20260320.csv
2026-03-20 20:21:06,292  INFO        ✓  2969 windows × 35 features
2026-03-20 20:21:06,292  WARNING     ⚠  Regime class 2 is only 0.1% of samples
2026-03-20 20:21:06,292  WARNING     ⚠  Regime class 3 is only 1.7% of samples
2026-03-20 20:21:06,292  WARNING     ⚠  Regime class 4 is only 0.0% of samples
2026-03-20 20:21:06,327  INFO      [PROC] COMEX_SIF_1W_20150101_20260320.csv
2026-03-20 20:21:06,407  INFO        ✓  437 windows × 29 features
2026-03-20 20:21:06,407  WARNING     ⚠  Regime class 1 is only 0.9% of samples
2026-03-20 20:21:06,407  WARNING     ⚠  Regime class 5 is only 0.2% of samples
2026-03-20 20:21:06,415  INFO      [PROC] COMEX_SIF_4H_20240330_20260320.csv
2026-03-20 20:21:06,651  INFO        ✓  2916 windows × 35 features
2026-03-20 20:21:06,652  WARNING     ⚠  Regime class 3 is only 0.6% of samples
2026-03-20 20:21:06,652  WARNING     ⚠  Regime class 4 is only 0.6% of samples
2026-03-20 20:21:06,652  WARNING     ⚠  Regime class 5 is only 0.4% of samples
2026-03-20 20:21:06,686  INFO      [PROC] CRYPTO_BTC-USD_1D_20150101_20260320.csv
2026-03-20 20:21:07,045  INFO        ✓  3947 windows × 29 features
2026-03-20 20:21:07,045  WARNING     ⚠  Regime class 0 is only 0.9% of samples
2026-03-20 20:21:07,045  WARNING     ⚠  Regime class 3 is only 0.3% of samples
2026-03-20 20:21:07,046  WARNING     ⚠  Regime class 4 is only 1.5% of samples
2026-03-20 20:21:07,046  WARNING     ⚠  Regime class 5 is only 2.3% of samples
2026-03-20 20:21:07,089  INFO      [PROC] CRYPTO_BTC-USD_1H_20240330_20260320.csv
2026-03-20 20:21:07,693  WARNING     ✗  No valid windows produced for CRYPTO_BTC-USD_1H_20240330_20260320.csv
2026-03-20 20:21:07,694  INFO      [PROC] CRYPTO_BTC-USD_1W_20150101_20260320.csv
2026-03-20 20:21:07,775  INFO        ✓  437 windows × 29 features
2026-03-20 20:21:07,793  INFO      [PROC] CRYPTO_BTC-USD_4H_20240330_20260320.csv
2026-03-20 20:21:08,172  INFO        ✓  4133 windows × 35 features
2026-03-20 20:21:08,173  WARNING     ⚠  Regime class 2 is only 3.7% of samples
2026-03-20 20:21:08,173  WARNING     ⚠  Regime class 3 is only 1.5% of samples
2026-03-20 20:21:08,173  WARNING     ⚠  Regime class 4 is only 0.8% of samples
2026-03-20 20:21:08,276  INFO      [PROC] CRYPTO_ETH-USD_1D_20150101_20260320.csv
2026-03-20 20:21:08,589  INFO        ✓  2904 windows × 29 features
2026-03-20 20:21:08,590  WARNING     ⚠  Regime class 1 is only 2.8% of samples
2026-03-20 20:21:08,590  WARNING     ⚠  Regime class 4 is only 0.6% of samples
2026-03-20 20:21:08,642  INFO      [PROC] CRYPTO_ETH-USD_1H_20240330_20260320.csv
2026-03-20 20:21:09,177  WARNING     ✗  No valid windows produced for CRYPTO_ETH-USD_1H_20240330_20260320.csv
2026-03-20 20:21:09,178  INFO      [PROC] CRYPTO_ETH-USD_1W_20150101_20260320.csv
2026-03-20 20:21:09,246  WARNING     ✗  No valid windows produced for CRYPTO_ETH-USD_1W_20150101_20260320.csv
2026-03-20 20:21:09,247  INFO      [PROC] CRYPTO_ETH-USD_4H_20240330_20260320.csv
2026-03-20 20:21:09,542  INFO        ✓  4135 windows × 35 features
2026-03-20 20:21:09,542  WARNING     ⚠  Regime class 0 is only 3.7% of samples
2026-03-20 20:21:09,543  WARNING     ⚠  Regime class 3 is only 0.2% of samples
2026-03-20 20:21:09,543  WARNING     ⚠  Regime class 4 is only 2.5% of samples
2026-03-20 20:21:09,543  WARNING     ⚠  Regime class 5 is only 0.4% of samples
2026-03-20 20:21:09,607  INFO      [PROC] DAX_GDAXI_1D_20150101_20260320.csv
2026-03-20 20:21:09,845  INFO        ✓  2696 windows × 29 features
2026-03-20 20:21:09,846  WARNING     ⚠  Regime class 3 is only 3.3% of samples
2026-03-20 20:21:09,846  WARNING     ⚠  Regime class 4 is only 1.1% of samples
2026-03-20 20:21:09,846  WARNING     ⚠  Regime class 5 is only 0.1% of samples
2026-03-20 20:21:09,875  INFO      [PROC] DAX_GDAXI_1H_20240330_20260320.csv
2026-03-20 20:21:10,473  WARNING     ✗  No valid windows produced for DAX_GDAXI_1H_20240330_20260320.csv
2026-03-20 20:21:10,474  INFO      [PROC] DAX_GDAXI_1W_20150101_20260320.csv
2026-03-20 20:21:11,054  WARNING     ✗  No valid windows produced for DAX_GDAXI_1W_20150101_20260320.csv
2026-03-20 20:21:11,055  INFO      [PROC] DAX_GDAXI_4H_20240330_20260320.csv
2026-03-20 20:21:11,286  INFO        ✓  1352 windows × 35 features
2026-03-20 20:21:11,287  WARNING     ⚠  Regime class 2 is only 1.0% of samples
2026-03-20 20:21:11,325  INFO      [PROC] EURONEXT_ASMLAS_1D_20150101_20260320.csv
2026-03-20 20:21:11,888  INFO        ✓  2721 windows × 29 features
2026-03-20 20:21:11,889  WARNING     ⚠  Regime class 4 is only 2.5% of samples
2026-03-20 20:21:11,889  WARNING     ⚠  Regime class 5 is only 0.4% of samples
2026-03-20 20:21:11,939  INFO      [PROC] EURONEXT_ASMLAS_1H_20240330_20260320.csv
2026-03-20 20:21:12,606  WARNING     ✗  No valid windows produced for EURONEXT_ASMLAS_1H_20240330_20260320.csv
2026-03-20 20:21:12,608  INFO      [PROC] EURONEXT_ASMLAS_1W_20150101_20260320.csv
2026-03-20 20:21:12,975  WARNING     ✗  No valid windows produced for EURONEXT_ASMLAS_1W_20150101_20260320.csv
2026-03-20 20:21:12,976  INFO      [PROC] EURONEXT_ASMLAS_4H_20240330_20260320.csv
2026-03-20 20:21:13,240  INFO        ✓  1356 windows × 35 features
2026-03-20 20:21:13,243  WARNING     ⚠  Regime class 0 is only 1.2% of samples
2026-03-20 20:21:13,407  INFO      [PROC] EURONEXT_MCPA_1D_20150101_20260320.csv
2026-03-20 20:21:13,808  INFO        ✓  2722 windows × 29 features
2026-03-20 20:21:13,809  WARNING     ⚠  Regime class 0 is only 0.3% of samples
2026-03-20 20:21:13,809  WARNING     ⚠  Regime class 4 is only 4.1% of samples
2026-03-20 20:21:13,809  WARNING     ⚠  Regime class 5 is only 1.0% of samples
2026-03-20 20:21:13,855  INFO      [PROC] EURONEXT_MCPA_1H_20240330_20260320.csv
2026-03-20 20:21:14,223  WARNING     ✗  No valid windows produced for EURONEXT_MCPA_1H_20240330_20260320.csv
2026-03-20 20:21:14,224  INFO      [PROC] EURONEXT_MCPA_1W_20150101_20260320.csv
2026-03-20 20:21:14,374  WARNING     ✗  No valid windows produced for EURONEXT_MCPA_1W_20150101_20260320.csv
2026-03-20 20:21:14,374  INFO      [PROC] EURONEXT_MCPA_4H_20240330_20260320.csv
2026-03-20 20:21:14,747  INFO        ✓  1356 windows × 35 features
2026-03-20 20:21:14,747  WARNING     ⚠  Regime class 2 is only 2.4% of samples
2026-03-20 20:21:14,747  WARNING     ⚠  Regime class 3 is only 0.7% of samples
2026-03-20 20:21:14,795  INFO      [PROC] EURONEXT_SAPDE_1D_20150101_20260320.csv
2026-03-20 20:21:15,386  INFO        ✓  2701 windows × 29 features
2026-03-20 20:21:15,387  WARNING     ⚠  Regime class 0 is only 1.0% of samples
2026-03-20 20:21:15,388  WARNING     ⚠  Regime class 4 is only 3.1% of samples
2026-03-20 20:21:15,388  WARNING     ⚠  Regime class 5 is only 0.2% of samples
2026-03-20 20:21:15,432  INFO      [PROC] EURONEXT_SAPDE_1H_20240330_20260320.csv
2026-03-20 20:21:16,418  WARNING     ✗  No valid windows produced for EURONEXT_SAPDE_1H_20240330_20260320.csv
2026-03-20 20:21:16,419  INFO      [PROC] EURONEXT_SAPDE_1W_20150101_20260320.csv
2026-03-20 20:21:16,552  WARNING     ✗  No valid windows produced for EURONEXT_SAPDE_1W_20150101_20260320.csv
2026-03-20 20:21:16,553  INFO      [PROC] EURONEXT_SAPDE_4H_20240330_20260320.csv
2026-03-20 20:21:16,914  INFO        ✓  1346 windows × 35 features
2026-03-20 20:21:16,914  WARNING     ⚠  Regime class 2 is only 3.2% of samples
2026-03-20 20:21:16,915  WARNING     ⚠  Regime class 3 is only 1.3% of samples
2026-03-20 20:21:16,917  WARNING     ⚠  Regime class 4 is only 2.7% of samples
2026-03-20 20:21:16,960  INFO      [PROC] EURONEXT_SIEDE_1D_20150101_20260320.csv
2026-03-20 20:21:17,389  INFO        ✓  2701 windows × 29 features
2026-03-20 20:21:17,389  WARNING     ⚠  Regime class 0 is only 0.2% of samples
2026-03-20 20:21:17,391  WARNING     ⚠  Regime class 4 is only 3.7% of samples
2026-03-20 20:21:17,433  INFO      [PROC] EURONEXT_SIEDE_1H_20240330_20260320.csv
2026-03-20 20:21:17,818  WARNING     ✗  No valid windows produced for EURONEXT_SIEDE_1H_20240330_20260320.csv
2026-03-20 20:21:17,819  INFO      [PROC] EURONEXT_SIEDE_1W_20150101_20260320.csv
2026-03-20 20:21:17,963  WARNING     ✗  No valid windows produced for EURONEXT_SIEDE_1W_20150101_20260320.csv
2026-03-20 20:21:17,964  INFO      [PROC] EURONEXT_SIEDE_4H_20240330_20260320.csv
2026-03-20 20:21:18,226  INFO        ✓  1346 windows × 35 features
2026-03-20 20:21:18,227  WARNING     ⚠  Regime class 2 is only 2.5% of samples
2026-03-20 20:21:18,227  WARNING     ⚠  Regime class 3 is only 1.2% of samples
2026-03-20 20:21:18,227  WARNING     ⚠  Regime class 4 is only 1.3% of samples
2026-03-20 20:21:18,227  WARNING     ⚠  Regime class 5 is only 0.1% of samples
2026-03-20 20:21:18,280  INFO      [PROC] EURONEXT_TTEPA_1D_20150101_20260320.csv
2026-03-20 20:21:18,635  INFO        ✓  2722 windows × 29 features
2026-03-20 20:21:18,636  WARNING     ⚠  Regime class 0 is only 0.4% of samples
2026-03-20 20:21:18,637  WARNING     ⚠  Regime class 4 is only 0.3% of samples
2026-03-20 20:21:18,672  INFO      [PROC] EURONEXT_TTEPA_1H_20240330_20260320.csv
2026-03-20 20:21:19,177  WARNING     ✗  No valid windows produced for EURONEXT_TTEPA_1H_20240330_20260320.csv
2026-03-20 20:21:19,177  INFO      [PROC] EURONEXT_TTEPA_1W_20150101_20260320.csv
2026-03-20 20:21:19,251  WARNING     ✗  No valid windows produced for EURONEXT_TTEPA_1W_20150101_20260320.csv
2026-03-20 20:21:19,252  INFO      [PROC] EURONEXT_TTEPA_4H_20240330_20260320.csv
2026-03-20 20:21:19,377  INFO        ✓  1356 windows × 35 features
2026-03-20 20:21:19,378  WARNING     ⚠  Regime class 2 is only 1.3% of samples
2026-03-20 20:21:19,378  WARNING     ⚠  Regime class 3 is only 3.5% of samples
2026-03-20 20:21:19,378  WARNING     ⚠  Regime class 4 is only 1.6% of samples
2026-03-20 20:21:19,405  INFO      [PROC] FOREXCOM_AUDNZDX_1D_20150101_20260320.csv
2026-03-20 20:21:19,590  INFO        ✓  2771 windows × 29 features
2026-03-20 20:21:19,615  INFO      [PROC] FOREXCOM_AUDNZDX_1H_20240330_20260320.csv
2026-03-20 20:21:20,019  WARNING     ✗  No valid windows produced for FOREXCOM_AUDNZDX_1H_20240330_20260320.csv
2026-03-20 20:21:20,019  INFO      [PROC] FOREXCOM_AUDNZDX_1W_20150101_20260320.csv
2026-03-20 20:21:20,099  INFO        ✓  437 windows × 29 features
2026-03-20 20:21:20,099  WARNING     ⚠  Regime class 0 is only 4.1% of samples
2026-03-20 20:21:20,107  INFO      [PROC] FOREXCOM_AUDNZDX_4H_20240330_20260320.csv
2026-03-20 20:21:20,327  INFO        ✓  2995 windows × 35 features
2026-03-20 20:21:20,358  INFO      [PROC] FOREXCOM_AUDUSDX_1D_20150101_20260320.csv
2026-03-20 20:21:20,709  INFO        ✓  2769 windows × 29 features
2026-03-20 20:21:20,709  WARNING     ⚠  Regime class 2 is only 1.0% of samples
2026-03-20 20:21:20,710  WARNING     ⚠  Regime class 3 is only 0.0% of samples
2026-03-20 20:21:20,743  INFO      [PROC] FOREXCOM_AUDUSDX_1H_20240330_20260320.csv
2026-03-20 20:21:21,270  WARNING     ✗  No valid windows produced for FOREXCOM_AUDUSDX_1H_20240330_20260320.csv
2026-03-20 20:21:21,270  INFO      [PROC] FOREXCOM_AUDUSDX_1W_20150101_20260320.csv
2026-03-20 20:21:21,349  INFO        ✓  437 windows × 29 features
2026-03-20 20:21:21,356  INFO      [PROC] FOREXCOM_AUDUSDX_4H_20240330_20260320.csv
2026-03-20 20:21:21,570  INFO        ✓  2995 windows × 35 features
2026-03-20 20:21:21,570  WARNING     ⚠  Regime class 1 is only 0.9% of samples
2026-03-20 20:21:21,570  WARNING     ⚠  Regime class 3 is only 2.8% of samples
2026-03-20 20:21:21,638  INFO      [PROC] FOREXCOM_EURCHFX_1D_20150101_20260320.csv
2026-03-20 20:21:21,946  INFO        ✓  2770 windows × 29 features
2026-03-20 20:21:21,946  WARNING     ⚠  Regime class 1 is only 3.0% of samples
2026-03-20 20:21:21,946  WARNING     ⚠  Regime class 2 is only 0.0% of samples
2026-03-20 20:21:21,946  WARNING     ⚠  Regime class 3 is only 0.1% of samples
2026-03-20 20:21:21,971  INFO      [PROC] FOREXCOM_EURCHFX_1H_20240330_20260320.csv
2026-03-20 20:21:22,374  WARNING     ✗  No valid windows produced for FOREXCOM_EURCHFX_1H_20240330_20260320.csv
2026-03-20 20:21:22,374  INFO      [PROC] FOREXCOM_EURCHFX_1W_20150101_20260320.csv
2026-03-20 20:21:22,527  INFO        ✓  437 windows × 29 features
2026-03-20 20:21:22,527  WARNING     ⚠  Regime class 2 is only 0.7% of samples
2026-03-20 20:21:22,547  INFO      [PROC] FOREXCOM_EURCHFX_4H_20240330_20260320.csv
2026-03-20 20:21:22,834  INFO        ✓  2987 windows × 35 features
2026-03-20 20:21:22,834  WARNING     ⚠  Regime class 3 is only 0.6% of samples
2026-03-20 20:21:22,867  INFO      [PROC] FOREXCOM_EURGBPX_1D_20150101_20260320.csv
2026-03-20 20:21:23,119  INFO        ✓  2770 windows × 29 features
2026-03-20 20:21:23,120  WARNING     ⚠  Regime class 2 is only 0.2% of samples
2026-03-20 20:21:23,120  WARNING     ⚠  Regime class 3 is only 0.6% of samples
2026-03-20 20:21:23,144  INFO      [PROC] FOREXCOM_EURGBPX_1H_20240330_20260320.csv
2026-03-20 20:21:23,542  WARNING     ✗  No valid windows produced for FOREXCOM_EURGBPX_1H_20240330_20260320.csv
2026-03-20 20:21:23,543  INFO      [PROC] FOREXCOM_EURGBPX_1W_20150101_20260320.csv
2026-03-20 20:21:23,623  INFO        ✓  437 windows × 29 features
2026-03-20 20:21:23,634  INFO      [PROC] FOREXCOM_EURGBPX_4H_20240330_20260320.csv
2026-03-20 20:21:23,863  INFO        ✓  2989 windows × 35 features
2026-03-20 20:21:23,863  WARNING     ⚠  Regime class 3 is only 0.1% of samples
2026-03-20 20:21:23,903  INFO      [PROC] FOREXCOM_EURUSDX_1D_20150101_20260320.csv
2026-03-20 20:21:24,132  INFO        ✓  2769 windows × 29 features
2026-03-20 20:21:24,133  WARNING     ⚠  Regime class 3 is only 0.3% of samples
2026-03-20 20:21:24,172  INFO      [PROC] FOREXCOM_EURUSDX_1H_20240330_20260320.csv
2026-03-20 20:21:25,282  WARNING     ✗  No valid windows produced for FOREXCOM_EURUSDX_1H_20240330_20260320.csv
2026-03-20 20:21:25,282  INFO      [PROC] FOREXCOM_EURUSDX_1W_20150101_20260320.csv
2026-03-20 20:21:25,626  INFO        ✓  437 windows × 29 features
2026-03-20 20:21:25,626  WARNING     ⚠  Regime class 0 is only 2.5% of samples
2026-03-20 20:21:25,627  WARNING     ⚠  Regime class 2 is only 4.1% of samples
2026-03-20 20:21:25,663  INFO      [PROC] FOREXCOM_EURUSDX_4H_20240330_20260320.csv
2026-03-20 20:21:26,586  INFO        ✓  2986 windows × 35 features
2026-03-20 20:21:26,587  WARNING     ⚠  Regime class 3 is only 3.6% of samples
2026-03-20 20:21:26,637  INFO      [PROC] FOREXCOM_GBPJPYX_1D_20150101_20260320.csv
2026-03-20 20:21:27,114  INFO        ✓  2770 windows × 29 features
2026-03-20 20:21:27,114  WARNING     ⚠  Regime class 2 is only 1.0% of samples
2026-03-20 20:21:27,115  WARNING     ⚠  Regime class 3 is only 0.8% of samples
2026-03-20 20:21:27,115  WARNING     ⚠  Regime class 4 is only 0.6% of samples
2026-03-20 20:21:27,141  INFO      [PROC] FOREXCOM_GBPJPYX_1H_20240330_20260320.csv
2026-03-20 20:21:28,032  WARNING     ✗  No valid windows produced for FOREXCOM_GBPJPYX_1H_20240330_20260320.csv
2026-03-20 20:21:28,032  INFO      [PROC] FOREXCOM_GBPJPYX_1W_20150101_20260320.csv
2026-03-20 20:21:28,114  INFO        ✓  437 windows × 29 features
2026-03-20 20:21:28,122  INFO      [PROC] FOREXCOM_GBPJPYX_4H_20240330_20260320.csv
2026-03-20 20:21:28,335  INFO        ✓  2987 windows × 35 features
2026-03-20 20:21:28,335  WARNING     ⚠  Regime class 1 is only 0.6% of samples
2026-03-20 20:21:28,336  WARNING     ⚠  Regime class 3 is only 1.3% of samples
2026-03-20 20:21:28,366  INFO      [PROC] FOREXCOM_GBPUSDX_1D_20150101_20260320.csv
2026-03-20 20:21:28,552  INFO        ✓  2769 windows × 29 features
2026-03-20 20:21:28,553  WARNING     ⚠  Regime class 2 is only 0.8% of samples
2026-03-20 20:21:28,553  WARNING     ⚠  Regime class 3 is only 0.0% of samples
2026-03-20 20:21:28,581  INFO      [PROC] FOREXCOM_GBPUSDX_1H_20240330_20260320.csv
2026-03-20 20:21:28,980  WARNING     ✗  No valid windows produced for FOREXCOM_GBPUSDX_1H_20240330_20260320.csv
2026-03-20 20:21:28,980  INFO      [PROC] FOREXCOM_GBPUSDX_1W_20150101_20260320.csv
2026-03-20 20:21:29,066  INFO        ✓  437 windows × 29 features
2026-03-20 20:21:29,073  INFO      [PROC] FOREXCOM_GBPUSDX_4H_20240330_20260320.csv
2026-03-20 20:21:29,310  INFO        ✓  2986 windows × 35 features
2026-03-20 20:21:29,360  INFO      [PROC] FOREXCOM_USDCADX_1D_20150101_20260320.csv
2026-03-20 20:21:29,935  INFO        ✓  2769 windows × 29 features
2026-03-20 20:21:29,936  WARNING     ⚠  Regime class 3 is only 0.4% of samples
2026-03-20 20:21:29,983  INFO      [PROC] FOREXCOM_USDCADX_1H_20240330_20260320.csv
2026-03-20 20:21:31,160  WARNING     ✗  No valid windows produced for FOREXCOM_USDCADX_1H_20240330_20260320.csv
2026-03-20 20:21:31,160  INFO      [PROC] FOREXCOM_USDCADX_1W_20150101_20260320.csv
2026-03-20 20:21:31,238  INFO        ✓  437 windows × 29 features
2026-03-20 20:21:31,238  WARNING     ⚠  Regime class 2 is only 4.8% of samples
2026-03-20 20:21:31,238  WARNING     ⚠  Regime class 4 is only 0.5% of samples
2026-03-20 20:21:31,247  INFO      [PROC] FOREXCOM_USDCADX_4H_20240330_20260320.csv
2026-03-20 20:21:31,453  INFO        ✓  2995 windows × 35 features
2026-03-20 20:21:31,454  WARNING     ⚠  Regime class 3 is only 1.1% of samples
2026-03-20 20:21:31,494  INFO      [PROC] FOREXCOM_USDCHFX_1D_20150101_20260320.csv
2026-03-20 20:21:31,747  INFO        ✓  2769 windows × 29 features
2026-03-20 20:21:31,748  WARNING     ⚠  Regime class 3 is only 0.1% of samples
2026-03-20 20:21:31,785  INFO      [PROC] FOREXCOM_USDCHFX_1H_20240330_20260320.csv
2026-03-20 20:21:32,218  WARNING     ✗  No valid windows produced for FOREXCOM_USDCHFX_1H_20240330_20260320.csv
2026-03-20 20:21:32,218  INFO      [PROC] FOREXCOM_USDCHFX_1W_20150101_20260320.csv
2026-03-20 20:21:32,337  INFO        ✓  437 windows × 29 features
2026-03-20 20:21:32,337  WARNING     ⚠  Regime class 0 is only 1.1% of samples
2026-03-20 20:21:32,337  WARNING     ⚠  Regime class 2 is only 1.6% of samples
2026-03-20 20:21:32,442  INFO      [PROC] FOREXCOM_USDCHFX_4H_20240330_20260320.csv
2026-03-20 20:21:32,752  INFO        ✓  2987 windows × 35 features
2026-03-20 20:21:32,753  WARNING     ⚠  Regime class 1 is only 0.2% of samples
2026-03-20 20:21:32,754  WARNING     ⚠  Regime class 3 is only 1.3% of samples
2026-03-20 20:21:32,823  INFO      [PROC] FOREXCOM_USDJPYX_1D_20150101_20260320.csv
2026-03-20 20:21:33,083  INFO        ✓  2769 windows × 29 features
2026-03-20 20:21:33,083  WARNING     ⚠  Regime class 3 is only 0.7% of samples
2026-03-20 20:21:33,083  WARNING     ⚠  Regime class 4 is only 0.1% of samples
2026-03-20 20:21:33,111  INFO      [PROC] FOREXCOM_USDJPYX_1H_20240330_20260320.csv
2026-03-20 20:21:33,501  WARNING     ✗  No valid windows produced for FOREXCOM_USDJPYX_1H_20240330_20260320.csv
2026-03-20 20:21:33,501  INFO      [PROC] FOREXCOM_USDJPYX_1W_20150101_20260320.csv
2026-03-20 20:21:33,580  INFO        ✓  437 windows × 29 features
2026-03-20 20:21:33,580  WARNING     ⚠  Regime class 0 is only 0.5% of samples
2026-03-20 20:21:33,587  INFO      [PROC] FOREXCOM_USDJPYX_4H_20240330_20260320.csv
2026-03-20 20:21:33,870  INFO        ✓  2979 windows × 35 features
2026-03-20 20:21:33,870  WARNING     ⚠  Regime class 1 is only 0.4% of samples
2026-03-20 20:21:33,871  WARNING     ⚠  Regime class 3 is only 3.3% of samples
2026-03-20 20:21:33,902  INFO      [PROC] FTSE_FTSE_1D_20150101_20260320.csv
2026-03-20 20:21:34,084  INFO        ✓  2684 windows × 29 features
2026-03-20 20:21:34,085  WARNING     ⚠  Regime class 2 is only 2.4% of samples
2026-03-20 20:21:34,085  WARNING     ⚠  Regime class 3 is only 1.5% of samples
2026-03-20 20:21:34,085  WARNING     ⚠  Regime class 4 is only 0.3% of samples
2026-03-20 20:21:34,120  INFO      [PROC] FTSE_FTSE_1H_20240330_20260320.csv
2026-03-20 20:21:34,374  WARNING     ✗  No valid windows produced for FTSE_FTSE_1H_20240330_20260320.csv
2026-03-20 20:21:34,375  INFO      [PROC] FTSE_FTSE_1W_20150101_20260320.csv
2026-03-20 20:21:34,662  INFO        ✓  437 windows × 29 features
2026-03-20 20:21:34,663  WARNING     ⚠  Regime class 4 is only 0.2% of samples
2026-03-20 20:21:34,671  INFO      [PROC] FTSE_FTSE_4H_20240330_20260320.csv
2026-03-20 20:21:34,918  INFO        ✓  1340 windows × 35 features
2026-03-20 20:21:34,918  WARNING     ⚠  Regime class 1 is only 2.9% of samples
2026-03-20 20:21:34,919  WARNING     ⚠  Regime class 2 is only 0.1% of samples
2026-03-20 20:21:34,948  INFO      [PROC] HSI_HSI_1D_20150101_20260320.csv
2026-03-20 20:21:36,286  INFO        ✓  2609 windows × 29 features
2026-03-20 20:21:36,286  WARNING     ⚠  Regime class 3 is only 0.7% of samples
2026-03-20 20:21:36,287  WARNING     ⚠  Regime class 4 is only 1.8% of samples
2026-03-20 20:21:36,329  INFO      [PROC] HSI_HSI_1H_20240330_20260320.csv
2026-03-20 20:21:36,693  WARNING     ✗  No valid windows produced for HSI_HSI_1H_20240330_20260320.csv
2026-03-20 20:21:36,694  INFO      [PROC] HSI_HSI_1W_20150101_20260320.csv
2026-03-20 20:21:36,768  WARNING     ✗  No valid windows produced for HSI_HSI_1W_20150101_20260320.csv
2026-03-20 20:21:36,768  INFO      [PROC] HSI_HSI_4H_20240330_20260320.csv
2026-03-20 20:21:36,864  WARNING     ✗  No valid windows produced for HSI_HSI_4H_20240330_20260320.csv
2026-03-20 20:21:36,864  INFO      [PROC] ICE_BZF_1D_20150101_20260320.csv
2026-03-20 20:21:37,050  INFO        ✓  2671 windows × 29 features
2026-03-20 20:21:37,051  WARNING     ⚠  Regime class 4 is only 1.0% of samples
2026-03-20 20:21:37,051  WARNING     ⚠  Regime class 5 is only 0.9% of samples
2026-03-20 20:21:37,077  INFO      [PROC] ICE_BZF_1H_20240330_20260320.csv
2026-03-20 20:21:37,574  INFO        ✓  2968 windows × 35 features
2026-03-20 20:21:37,575  WARNING     ⚠  Regime class 2 is only 1.5% of samples
2026-03-20 20:21:37,575  WARNING     ⚠  Regime class 3 is only 1.7% of samples
2026-03-20 20:21:37,575  WARNING     ⚠  Regime class 4 is only 0.2% of samples
2026-03-20 20:21:37,632  INFO      [PROC] ICE_BZF_1W_20150101_20260320.csv
2026-03-20 20:21:37,836  INFO        ✓  437 windows × 29 features
2026-03-20 20:21:37,836  WARNING     ⚠  Regime class 5 is only 0.7% of samples
2026-03-20 20:21:37,902  INFO      [PROC] ICE_BZF_4H_20240330_20260320.csv
2026-03-20 20:21:38,207  INFO        ✓  2888 windows × 35 features
2026-03-20 20:21:38,208  WARNING     ⚠  Regime class 3 is only 1.5% of samples
2026-03-20 20:21:38,208  WARNING     ⚠  Regime class 4 is only 0.2% of samples
2026-03-20 20:21:38,245  INFO      [PROC] LSE_AZNL_1D_20150101_20260320.csv
2026-03-20 20:21:38,498  INFO        ✓  2685 windows × 29 features
2026-03-20 20:21:38,498  WARNING     ⚠  Regime class 4 is only 0.1% of samples
2026-03-20 20:21:38,498  WARNING     ⚠  Regime class 5 is only 0.1% of samples
2026-03-20 20:21:38,528  INFO      [PROC] LSE_AZNL_1H_20240330_20260320.csv
2026-03-20 20:21:38,723  WARNING     ✗  No valid windows produced for LSE_AZNL_1H_20240330_20260320.csv
2026-03-20 20:21:38,724  INFO      [PROC] LSE_AZNL_1W_20150101_20260320.csv
2026-03-20 20:21:38,807  INFO        ✓  437 windows × 29 features
2026-03-20 20:21:38,817  INFO      [PROC] LSE_AZNL_4H_20240330_20260320.csv
2026-03-20 20:21:38,965  INFO        ✓  1340 windows × 35 features
2026-03-20 20:21:38,966  WARNING     ⚠  Regime class 2 is only 1.5% of samples
2026-03-20 20:21:38,966  WARNING     ⚠  Regime class 3 is only 2.8% of samples
2026-03-20 20:21:38,966  WARNING     ⚠  Regime class 4 is only 1.8% of samples
2026-03-20 20:21:38,987  INFO      [PROC] LSE_BPL_1D_20150101_20260320.csv
2026-03-20 20:21:39,177  INFO        ✓  2684 windows × 29 features
2026-03-20 20:21:39,177  WARNING     ⚠  Regime class 4 is only 0.1% of samples
2026-03-20 20:21:39,177  WARNING     ⚠  Regime class 5 is only 0.8% of samples
2026-03-20 20:21:39,203  INFO      [PROC] LSE_BPL_1H_20240330_20260320.csv
2026-03-20 20:21:39,412  WARNING     ✗  No valid windows produced for LSE_BPL_1H_20240330_20260320.csv
2026-03-20 20:21:39,412  INFO      [PROC] LSE_BPL_1W_20150101_20260320.csv
2026-03-20 20:21:39,562  INFO        ✓  437 windows × 29 features
2026-03-20 20:21:39,562  WARNING     ⚠  Regime class 5 is only 1.6% of samples
2026-03-20 20:21:39,577  INFO      [PROC] LSE_BPL_4H_20240330_20260320.csv
2026-03-20 20:21:39,811  INFO        ✓  1340 windows × 35 features
2026-03-20 20:21:39,812  WARNING     ⚠  Regime class 2 is only 3.4% of samples
2026-03-20 20:21:39,812  WARNING     ⚠  Regime class 3 is only 0.1% of samples
2026-03-20 20:21:39,813  WARNING     ⚠  Regime class 4 is only 0.7% of samples
2026-03-20 20:21:39,854  INFO      [PROC] LSE_GSKL_1D_20150101_20260320.csv
2026-03-20 20:21:40,523  INFO        ✓  2685 windows × 29 features
2026-03-20 20:21:40,524  WARNING     ⚠  Regime class 0 is only 0.3% of samples
2026-03-20 20:21:40,525  WARNING     ⚠  Regime class 4 is only 2.2% of samples
2026-03-20 20:21:40,525  WARNING     ⚠  Regime class 5 is only 0.1% of samples
2026-03-20 20:21:40,567  INFO      [PROC] LSE_GSKL_1H_20240330_20260320.csv
2026-03-20 20:21:41,546  WARNING     ✗  No valid windows produced for LSE_GSKL_1H_20240330_20260320.csv
2026-03-20 20:21:41,547  INFO      [PROC] LSE_GSKL_1W_20150101_20260320.csv
2026-03-20 20:21:42,153  INFO        ✓  437 windows × 29 features
2026-03-20 20:21:42,169  INFO      [PROC] LSE_GSKL_4H_20240330_20260320.csv
2026-03-20 20:21:42,492  INFO        ✓  1340 windows × 35 features
2026-03-20 20:21:42,493  WARNING     ⚠  Regime class 2 is only 1.3% of samples
2026-03-20 20:21:42,493  WARNING     ⚠  Regime class 3 is only 0.7% of samples
2026-03-20 20:21:42,494  WARNING     ⚠  Regime class 4 is only 2.8% of samples
2026-03-20 20:21:42,517  INFO      [PROC] LSE_HSBAL_1D_20150101_20260320.csv
2026-03-20 20:21:42,868  INFO        ✓  2685 windows × 29 features
2026-03-20 20:21:42,868  WARNING     ⚠  Regime class 0 is only 0.4% of samples
2026-03-20 20:21:42,868  WARNING     ⚠  Regime class 4 is only 3.1% of samples
2026-03-20 20:21:42,868  WARNING     ⚠  Regime class 5 is only 0.6% of samples
2026-03-20 20:21:42,892  INFO      [PROC] LSE_HSBAL_1H_20240330_20260320.csv
2026-03-20 20:21:43,231  WARNING     ✗  No valid windows produced for LSE_HSBAL_1H_20240330_20260320.csv
2026-03-20 20:21:43,232  INFO      [PROC] LSE_HSBAL_1W_20150101_20260320.csv
2026-03-20 20:21:43,366  INFO        ✓  437 windows × 29 features
2026-03-20 20:21:43,367  WARNING     ⚠  Regime class 5 is only 2.3% of samples
2026-03-20 20:21:43,373  INFO      [PROC] LSE_HSBAL_4H_20240330_20260320.csv
2026-03-20 20:21:43,526  INFO        ✓  1340 windows × 35 features
2026-03-20 20:21:43,527  WARNING     ⚠  Regime class 2 is only 2.7% of samples
2026-03-20 20:21:43,527  WARNING     ⚠  Regime class 3 is only 4.3% of samples
2026-03-20 20:21:43,527  WARNING     ⚠  Regime class 4 is only 0.6% of samples
2026-03-20 20:21:43,545  INFO      [PROC] LSE_SHELL_1D_20150101_20260320.csv
2026-03-20 20:21:43,762  INFO        ✓  2685 windows × 29 features
2026-03-20 20:21:43,762  WARNING     ⚠  Regime class 0 is only 0.3% of samples
2026-03-20 20:21:43,762  WARNING     ⚠  Regime class 4 is only 0.1% of samples
2026-03-20 20:21:43,762  WARNING     ⚠  Regime class 5 is only 0.3% of samples
2026-03-20 20:21:43,822  INFO      [PROC] LSE_SHELL_1H_20240330_20260320.csv
2026-03-20 20:21:44,046  WARNING     ✗  No valid windows produced for LSE_SHELL_1H_20240330_20260320.csv
2026-03-20 20:21:44,046  INFO      [PROC] LSE_SHELL_1W_20150101_20260320.csv
2026-03-20 20:21:44,127  INFO        ✓  437 windows × 29 features
2026-03-20 20:21:44,128  WARNING     ⚠  Regime class 5 is only 2.5% of samples
2026-03-20 20:21:44,138  INFO      [PROC] LSE_SHELL_4H_20240330_20260320.csv
2026-03-20 20:21:44,279  INFO        ✓  1340 windows × 35 features
2026-03-20 20:21:44,279  WARNING     ⚠  Regime class 2 is only 1.4% of samples
2026-03-20 20:21:44,280  WARNING     ⚠  Regime class 3 is only 0.9% of samples
2026-03-20 20:21:44,280  WARNING     ⚠  Regime class 4 is only 1.2% of samples
2026-03-20 20:21:44,318  INFO      [PROC] NIKKEI_N225_1D_20150101_20260320.csv
2026-03-20 20:21:44,591  INFO        ✓  2590 windows × 29 features
2026-03-20 20:21:44,592  WARNING     ⚠  Regime class 3 is only 2.5% of samples
2026-03-20 20:21:44,592  WARNING     ⚠  Regime class 4 is only 3.6% of samples
2026-03-20 20:21:44,626  INFO      [PROC] NIKKEI_N225_1H_20240330_20260320.csv
2026-03-20 20:21:45,051  WARNING     ✗  No valid windows produced for NIKKEI_N225_1H_20240330_20260320.csv
2026-03-20 20:21:45,052  INFO      [PROC] NIKKEI_N225_1W_20150101_20260320.csv
2026-03-20 20:21:45,894  WARNING     ✗  No valid windows produced for NIKKEI_N225_1W_20150101_20260320.csv
2026-03-20 20:21:45,894  INFO      [PROC] NIKKEI_N225_4H_20240330_20260320.csv
2026-03-20 20:21:46,068  WARNING     ✗  No valid windows produced for NIKKEI_N225_4H_20240330_20260320.csv
2026-03-20 20:21:46,068  INFO      [PROC] NYMEX_CLF_1D_20150101_20260320.csv
2026-03-20 20:21:46,490  INFO        ✓  2669 windows × 29 features
2026-03-20 20:21:46,491  WARNING     ⚠  Regime class 4 is only 0.9% of samples
2026-03-20 20:21:46,491  WARNING     ⚠  Regime class 5 is only 1.1% of samples
2026-03-20 20:21:46,517  INFO      [PROC] NYMEX_CLF_1H_20240330_20260320.csv
2026-03-20 20:21:47,009  INFO        ✓  2883 windows × 35 features
2026-03-20 20:21:47,010  WARNING     ⚠  Regime class 2 is only 0.1% of samples
2026-03-20 20:21:47,010  WARNING     ⚠  Regime class 3 is only 4.1% of samples
2026-03-20 20:21:47,010  WARNING     ⚠  Regime class 4 is only 0.6% of samples
2026-03-20 20:21:47,041  INFO      [PROC] NYMEX_CLF_1W_20150101_20260320.csv
2026-03-20 20:21:47,124  INFO        ✓  437 windows × 29 features
2026-03-20 20:21:47,124  WARNING     ⚠  Regime class 5 is only 0.9% of samples
2026-03-20 20:21:47,130  INFO      [PROC] NYMEX_CLF_4H_20240330_20260320.csv
2026-03-20 20:21:47,344  INFO        ✓  2877 windows × 35 features
2026-03-20 20:21:47,344  WARNING     ⚠  Regime class 2 is only 4.9% of samples
2026-03-20 20:21:47,345  WARNING     ⚠  Regime class 3 is only 1.1% of samples
2026-03-20 20:21:47,345  WARNING     ⚠  Regime class 4 is only 0.6% of samples
2026-03-20 20:21:47,381  INFO      [PROC] NYMEX_NGF_1D_20150101_20260320.csv
2026-03-20 20:21:47,605  INFO        ✓  2671 windows × 29 features
2026-03-20 20:21:47,606  WARNING     ⚠  Regime class 4 is only 0.5% of samples
2026-03-20 20:21:47,606  WARNING     ⚠  Regime class 5 is only 2.5% of samples
2026-03-20 20:21:47,632  INFO      [PROC] NYMEX_NGF_1H_20240330_20260320.csv
2026-03-20 20:21:48,057  INFO        ✓  2894 windows × 35 features
2026-03-20 20:21:48,057  WARNING     ⚠  Regime class 2 is only 0.2% of samples
2026-03-20 20:21:48,057  WARNING     ⚠  Regime class 4 is only 2.0% of samples
2026-03-20 20:21:48,100  INFO      [PROC] NYMEX_NGF_1W_20150101_20260320.csv
2026-03-20 20:21:48,224  INFO        ✓  437 windows × 29 features
2026-03-20 20:21:48,231  INFO      [PROC] NYMEX_NGF_4H_20240330_20260320.csv
2026-03-20 20:21:48,429  INFO        ✓  2837 windows × 35 features
2026-03-20 20:21:48,429  WARNING     ⚠  Regime class 5 is only 0.4% of samples
2026-03-20 20:21:48,464  INFO      [PROC] NYSE_AAPL_1D_20150101_20260320.csv
2026-03-20 20:21:48,898  INFO        ✓  2670 windows × 29 features
2026-03-20 20:21:48,898  WARNING     ⚠  Regime class 0 is only 0.3% of samples
2026-03-20 20:21:48,898  WARNING     ⚠  Regime class 3 is only 0.7% of samples
2026-03-20 20:21:48,899  WARNING     ⚠  Regime class 5 is only 1.2% of samples
2026-03-20 20:21:48,940  INFO      [PROC] NYSE_AAPL_1H_20240330_20260320.csv
2026-03-20 20:21:49,178  INFO        ✓  3285 windows × 35 features
2026-03-20 20:21:49,179  WARNING     ⚠  Regime class 2 is only 1.2% of samples
2026-03-20 20:21:49,179  WARNING     ⚠  Regime class 4 is only 0.2% of samples
2026-03-20 20:21:49,232  INFO      [PROC] NYSE_AAPL_1W_20150101_20260320.csv
2026-03-20 20:21:49,354  INFO        ✓  437 windows × 29 features
2026-03-20 20:21:49,354  WARNING     ⚠  Regime class 5 is only 1.1% of samples
2026-03-20 20:21:49,364  INFO      [PROC] NYSE_AAPL_4H_20240330_20260320.csv
2026-03-20 20:21:49,474  INFO        ✓  1002 windows × 35 features
2026-03-20 20:21:49,475  WARNING     ⚠  Regime class 2 is only 4.5% of samples
2026-03-20 20:21:49,475  WARNING     ⚠  Regime class 3 is only 2.8% of samples
2026-03-20 20:21:49,475  WARNING     ⚠  Regime class 4 is only 0.4% of samples
2026-03-20 20:21:49,505  INFO      [PROC] NYSE_AMZN_1D_20150101_20260320.csv
2026-03-20 20:21:49,682  INFO        ✓  2670 windows × 29 features
2026-03-20 20:21:49,683  WARNING     ⚠  Regime class 0 is only 0.8% of samples
2026-03-20 20:21:49,683  WARNING     ⚠  Regime class 3 is only 0.1% of samples
2026-03-20 20:21:49,683  WARNING     ⚠  Regime class 4 is only 4.1% of samples
2026-03-20 20:21:49,684  WARNING     ⚠  Regime class 5 is only 0.4% of samples
2026-03-20 20:21:49,734  INFO      [PROC] NYSE_AMZN_1H_20240330_20260320.csv
2026-03-20 20:21:52,373  INFO        ✓  3285 windows × 35 features
2026-03-20 20:21:52,374  WARNING     ⚠  Regime class 2 is only 1.4% of samples
2026-03-20 20:21:52,374  WARNING     ⚠  Regime class 4 is only 0.8% of samples
2026-03-20 20:21:52,407  INFO      [PROC] NYSE_AMZN_1W_20150101_20260320.csv
2026-03-20 20:21:52,498  INFO        ✓  437 windows × 29 features
2026-03-20 20:21:52,498  WARNING     ⚠  Regime class 5 is only 1.1% of samples
2026-03-20 20:21:52,505  INFO      [PROC] NYSE_AMZN_4H_20240330_20260320.csv
2026-03-20 20:21:52,622  INFO        ✓  1002 windows × 35 features
2026-03-20 20:21:52,623  WARNING     ⚠  Regime class 3 is only 0.1% of samples
2026-03-20 20:21:52,623  WARNING     ⚠  Regime class 4 is only 2.1% of samples
2026-03-20 20:21:52,640  INFO      [PROC] NYSE_BAC_1D_20150101_20260320.csv
2026-03-20 20:21:52,828  INFO        ✓  2670 windows × 29 features
2026-03-20 20:21:52,828  WARNING     ⚠  Regime class 4 is only 3.1% of samples
2026-03-20 20:21:52,829  WARNING     ⚠  Regime class 5 is only 0.4% of samples
2026-03-20 20:21:52,854  INFO      [PROC] NYSE_BAC_1H_20240330_20260320.csv
2026-03-20 20:21:53,126  INFO        ✓  3285 windows × 35 features
2026-03-20 20:21:53,127  WARNING     ⚠  Regime class 2 is only 1.1% of samples
2026-03-20 20:21:53,127  WARNING     ⚠  Regime class 4 is only 0.5% of samples
2026-03-20 20:21:53,230  INFO      [PROC] NYSE_BAC_1W_20150101_20260320.csv
2026-03-20 20:21:53,427  INFO        ✓  437 windows × 29 features
2026-03-20 20:21:53,427  WARNING     ⚠  Regime class 5 is only 0.2% of samples
2026-03-20 20:21:53,444  INFO      [PROC] NYSE_BAC_4H_20240330_20260320.csv
2026-03-20 20:21:53,664  INFO        ✓  1002 windows × 35 features
2026-03-20 20:21:53,664  WARNING     ⚠  Regime class 2 is only 3.8% of samples
2026-03-20 20:21:53,664  WARNING     ⚠  Regime class 3 is only 2.9% of samples
2026-03-20 20:21:53,664  WARNING     ⚠  Regime class 4 is only 2.8% of samples
2026-03-20 20:21:53,680  INFO      [PROC] NYSE_CVX_1D_20150101_20260320.csv
2026-03-20 20:21:53,867  INFO        ✓  2670 windows × 29 features
2026-03-20 20:21:53,868  WARNING     ⚠  Regime class 0 is only 0.2% of samples
2026-03-20 20:21:53,868  WARNING     ⚠  Regime class 3 is only 0.0% of samples
2026-03-20 20:21:53,868  WARNING     ⚠  Regime class 4 is only 1.0% of samples
2026-03-20 20:21:53,868  WARNING     ⚠  Regime class 5 is only 0.0% of samples
2026-03-20 20:21:53,897  INFO      [PROC] NYSE_CVX_1H_20240330_20260320.csv
2026-03-20 20:21:54,128  INFO        ✓  3285 windows × 35 features
2026-03-20 20:21:54,128  WARNING     ⚠  Regime class 2 is only 0.1% of samples
2026-03-20 20:21:54,128  WARNING     ⚠  Regime class 3 is only 5.0% of samples
2026-03-20 20:21:54,129  WARNING     ⚠  Regime class 4 is only 0.5% of samples
2026-03-20 20:21:54,167  INFO      [PROC] NYSE_CVX_1W_20150101_20260320.csv
2026-03-20 20:21:54,262  INFO        ✓  437 windows × 29 features
2026-03-20 20:21:54,262  WARNING     ⚠  Regime class 1 is only 0.2% of samples
2026-03-20 20:21:54,272  INFO      [PROC] NYSE_CVX_4H_20240330_20260320.csv
2026-03-20 20:21:54,439  INFO        ✓  1002 windows × 35 features
2026-03-20 20:21:54,439  WARNING     ⚠  Regime class 2 is only 2.5% of samples
2026-03-20 20:21:54,439  WARNING     ⚠  Regime class 3 is only 4.1% of samples
2026-03-20 20:21:54,439  WARNING     ⚠  Regime class 4 is only 2.0% of samples
2026-03-20 20:21:54,462  INFO      [PROC] NYSE_GOOGL_1D_20150101_20260320.csv
2026-03-20 20:21:54,690  INFO        ✓  2670 windows × 29 features
2026-03-20 20:21:54,691  WARNING     ⚠  Regime class 0 is only 1.3% of samples
2026-03-20 20:21:54,691  WARNING     ⚠  Regime class 4 is only 3.2% of samples
2026-03-20 20:21:54,691  WARNING     ⚠  Regime class 5 is only 0.0% of samples
2026-03-20 20:21:54,748  INFO      [PROC] NYSE_GOOGL_1H_20240330_20260320.csv
2026-03-20 20:21:55,636  INFO        ✓  3285 windows × 35 features
2026-03-20 20:21:55,638  WARNING     ⚠  Regime class 2 is only 0.1% of samples
2026-03-20 20:21:55,638  WARNING     ⚠  Regime class 4 is only 0.4% of samples
2026-03-20 20:21:55,702  INFO      [PROC] NYSE_GOOGL_1W_20150101_20260320.csv
2026-03-20 20:21:56,563  INFO        ✓  437 windows × 29 features
2026-03-20 20:21:56,563  WARNING     ⚠  Regime class 5 is only 3.2% of samples
2026-03-20 20:21:56,574  INFO      [PROC] NYSE_GOOGL_4H_20240330_20260320.csv
2026-03-20 20:21:56,798  INFO        ✓  1002 windows × 35 features
2026-03-20 20:21:56,798  WARNING     ⚠  Regime class 2 is only 4.3% of samples
2026-03-20 20:21:56,799  WARNING     ⚠  Regime class 4 is only 4.1% of samples
2026-03-20 20:21:56,819  INFO      [PROC] NYSE_JNJ_1D_20150101_20260320.csv
2026-03-20 20:21:57,151  INFO        ✓  2670 windows × 29 features
2026-03-20 20:21:57,151  WARNING     ⚠  Regime class 2 is only 4.0% of samples
2026-03-20 20:21:57,151  WARNING     ⚠  Regime class 3 is only 0.4% of samples
2026-03-20 20:21:57,151  WARNING     ⚠  Regime class 4 is only 1.2% of samples
2026-03-20 20:21:57,174  INFO      [PROC] NYSE_JNJ_1H_20240330_20260320.csv
2026-03-20 20:21:57,488  INFO        ✓  3285 windows × 35 features
2026-03-20 20:21:57,489  WARNING     ⚠  Regime class 1 is only 2.0% of samples
2026-03-20 20:21:57,489  WARNING     ⚠  Regime class 3 is only 4.8% of samples
2026-03-20 20:21:57,559  INFO      [PROC] NYSE_JNJ_1W_20150101_20260320.csv
2026-03-20 20:21:57,932  INFO        ✓  437 windows × 29 features
2026-03-20 20:21:57,936  WARNING     ⚠  Regime class 1 is only 0.7% of samples
2026-03-20 20:21:57,936  WARNING     ⚠  Regime class 5 is only 0.7% of samples
2026-03-20 20:21:57,973  INFO      [PROC] NYSE_JNJ_4H_20240330_20260320.csv
2026-03-20 20:21:58,522  INFO        ✓  1002 windows × 35 features
2026-03-20 20:21:58,526  WARNING     ⚠  Regime class 2 is only 0.7% of samples
2026-03-20 20:21:58,526  WARNING     ⚠  Regime class 4 is only 0.4% of samples
2026-03-20 20:21:58,549  INFO      [PROC] NYSE_JPM_1D_20150101_20260320.csv
2026-03-20 20:21:59,186  INFO        ✓  2670 windows × 29 features
2026-03-20 20:21:59,186  WARNING     ⚠  Regime class 0 is only 0.3% of samples
2026-03-20 20:21:59,186  WARNING     ⚠  Regime class 3 is only 0.1% of samples
2026-03-20 20:21:59,186  WARNING     ⚠  Regime class 4 is only 3.7% of samples
2026-03-20 20:21:59,187  WARNING     ⚠  Regime class 5 is only 0.4% of samples
2026-03-20 20:21:59,218  INFO      [PROC] NYSE_JPM_1H_20240330_20260320.csv
2026-03-20 20:21:59,776  INFO        ✓  3285 windows × 35 features
2026-03-20 20:21:59,776  WARNING     ⚠  Regime class 2 is only 0.8% of samples
2026-03-20 20:21:59,777  WARNING     ⚠  Regime class 4 is only 0.3% of samples
2026-03-20 20:21:59,811  INFO      [PROC] NYSE_JPM_1W_20150101_20260320.csv
2026-03-20 20:21:59,916  INFO        ✓  437 windows × 29 features
2026-03-20 20:21:59,925  INFO      [PROC] NYSE_JPM_4H_20240330_20260320.csv
2026-03-20 20:22:00,074  INFO        ✓  1002 windows × 35 features
2026-03-20 20:22:00,074  WARNING     ⚠  Regime class 2 is only 2.1% of samples
2026-03-20 20:22:00,074  WARNING     ⚠  Regime class 3 is only 4.4% of samples
2026-03-20 20:22:00,075  WARNING     ⚠  Regime class 4 is only 1.3% of samples
2026-03-20 20:22:00,090  INFO      [PROC] NYSE_META_1D_20150101_20260320.csv
2026-03-20 20:22:00,302  INFO        ✓  2670 windows × 29 features
2026-03-20 20:22:00,303  WARNING     ⚠  Regime class 0 is only 0.1% of samples
2026-03-20 20:22:00,303  WARNING     ⚠  Regime class 3 is only 0.3% of samples
2026-03-20 20:22:00,303  WARNING     ⚠  Regime class 4 is only 3.0% of samples
2026-03-20 20:22:00,303  WARNING     ⚠  Regime class 5 is only 3.3% of samples
2026-03-20 20:22:00,330  INFO      [PROC] NYSE_META_1H_20240330_20260320.csv
2026-03-20 20:22:00,633  INFO        ✓  3285 windows × 35 features
2026-03-20 20:22:00,633  WARNING     ⚠  Regime class 2 is only 1.2% of samples
2026-03-20 20:22:00,633  WARNING     ⚠  Regime class 3 is only 4.5% of samples
2026-03-20 20:22:00,633  WARNING     ⚠  Regime class 4 is only 1.6% of samples
2026-03-20 20:22:00,668  INFO      [PROC] NYSE_META_1W_20150101_20260320.csv
2026-03-20 20:22:00,769  INFO        ✓  437 windows × 29 features
2026-03-20 20:22:00,776  INFO      [PROC] NYSE_META_4H_20240330_20260320.csv
2026-03-20 20:22:00,898  INFO        ✓  1002 windows × 35 features
2026-03-20 20:22:00,899  WARNING     ⚠  Regime class 0 is only 2.1% of samples
2026-03-20 20:22:00,899  WARNING     ⚠  Regime class 3 is only 0.1% of samples
2026-03-20 20:22:00,916  INFO      [PROC] NYSE_MSFT_1D_20150101_20260320.csv
2026-03-20 20:22:01,111  INFO        ✓  2670 windows × 29 features
2026-03-20 20:22:01,111  WARNING     ⚠  Regime class 0 is only 1.0% of samples
2026-03-20 20:22:01,112  WARNING     ⚠  Regime class 3 is only 0.1% of samples
2026-03-20 20:22:01,112  WARNING     ⚠  Regime class 4 is only 4.1% of samples
2026-03-20 20:22:01,135  INFO      [PROC] NYSE_MSFT_1H_20240330_20260320.csv
2026-03-20 20:22:01,357  INFO        ✓  3285 windows × 35 features
2026-03-20 20:22:01,358  WARNING     ⚠  Regime class 2 is only 0.1% of samples
2026-03-20 20:22:01,358  WARNING     ⚠  Regime class 4 is only 0.7% of samples
2026-03-20 20:22:01,451  INFO      [PROC] NYSE_MSFT_1W_20150101_20260320.csv
2026-03-20 20:22:01,658  INFO        ✓  437 windows × 29 features
2026-03-20 20:22:01,658  WARNING     ⚠  Regime class 5 is only 3.0% of samples
2026-03-20 20:22:01,755  INFO      [PROC] NYSE_MSFT_4H_20240330_20260320.csv
2026-03-20 20:22:01,923  INFO        ✓  1002 windows × 35 features
2026-03-20 20:22:01,923  WARNING     ⚠  Regime class 2 is only 2.2% of samples
2026-03-20 20:22:01,923  WARNING     ⚠  Regime class 3 is only 3.0% of samples
2026-03-20 20:22:01,923  WARNING     ⚠  Regime class 4 is only 4.1% of samples
2026-03-20 20:22:01,948  INFO      [PROC] NYSE_NVDA_1D_20150101_20260320.csv
2026-03-20 20:22:02,156  INFO        ✓  2670 windows × 29 features
2026-03-20 20:22:02,157  WARNING     ⚠  Regime class 4 is only 4.8% of samples
2026-03-20 20:22:02,157  WARNING     ⚠  Regime class 5 is only 4.0% of samples
2026-03-20 20:22:02,188  INFO      [PROC] NYSE_NVDA_1H_20240330_20260320.csv
2026-03-20 20:22:02,439  INFO        ✓  3285 windows × 35 features
2026-03-20 20:22:02,439  WARNING     ⚠  Regime class 2 is only 4.2% of samples
2026-03-20 20:22:02,439  WARNING     ⚠  Regime class 3 is only 1.9% of samples
2026-03-20 20:22:02,440  WARNING     ⚠  Regime class 4 is only 4.4% of samples
2026-03-20 20:22:02,479  INFO      [PROC] NYSE_NVDA_1W_20150101_20260320.csv
2026-03-20 20:22:02,593  INFO        ✓  437 windows × 29 features
2026-03-20 20:22:02,593  WARNING     ⚠  Regime class 5 is only 1.1% of samples
2026-03-20 20:22:02,602  INFO      [PROC] NYSE_NVDA_4H_20240330_20260320.csv
2026-03-20 20:22:02,722  INFO        ✓  1002 windows × 35 features
2026-03-20 20:22:02,723  WARNING     ⚠  Regime class 0 is only 0.2% of samples
2026-03-20 20:22:02,742  INFO      [PROC] NYSE_PG_1D_20150101_20260320.csv
2026-03-20 20:22:03,208  INFO        ✓  2670 windows × 29 features
2026-03-20 20:22:03,208  WARNING     ⚠  Regime class 2 is only 4.3% of samples
2026-03-20 20:22:03,208  WARNING     ⚠  Regime class 3 is only 0.3% of samples
2026-03-20 20:22:03,209  WARNING     ⚠  Regime class 4 is only 1.5% of samples
2026-03-20 20:22:03,339  INFO      [PROC] NYSE_PG_1H_20240330_20260320.csv
2026-03-20 20:22:04,217  INFO        ✓  3285 windows × 35 features
2026-03-20 20:22:04,218  WARNING     ⚠  Regime class 1 is only 1.8% of samples
2026-03-20 20:22:04,218  WARNING     ⚠  Regime class 3 is only 3.2% of samples
2026-03-20 20:22:04,303  INFO      [PROC] NYSE_PG_1W_20150101_20260320.csv
2026-03-20 20:22:04,747  INFO        ✓  437 windows × 29 features
2026-03-20 20:22:04,748  WARNING     ⚠  Regime class 1 is only 3.2% of samples
2026-03-20 20:22:04,748  WARNING     ⚠  Regime class 5 is only 0.9% of samples
2026-03-20 20:22:04,759  INFO      [PROC] NYSE_PG_4H_20240330_20260320.csv
2026-03-20 20:22:05,005  INFO        ✓  1002 windows × 35 features
2026-03-20 20:22:05,006  WARNING     ⚠  Regime class 3 is only 1.3% of samples
2026-03-20 20:22:05,016  WARNING     ⚠  Regime class 4 is only 0.1% of samples
2026-03-20 20:22:05,038  INFO      [PROC] NYSE_TSLA_1D_20150101_20260320.csv
2026-03-20 20:22:05,779  INFO        ✓  2670 windows × 29 features
2026-03-20 20:22:05,780  WARNING     ⚠  Regime class 1 is only 2.7% of samples
2026-03-20 20:22:05,780  WARNING     ⚠  Regime class 4 is only 0.4% of samples
2026-03-20 20:22:05,780  WARNING     ⚠  Regime class 5 is only 3.0% of samples
2026-03-20 20:22:05,852  INFO      [PROC] NYSE_TSLA_1H_20240330_20260320.csv
2026-03-20 20:22:06,667  INFO        ✓  3285 windows × 35 features
2026-03-20 20:22:06,668  WARNING     ⚠  Regime class 3 is only 1.7% of samples
2026-03-20 20:22:06,669  WARNING     ⚠  Regime class 5 is only 0.1% of samples
2026-03-20 20:22:06,749  INFO      [PROC] NYSE_TSLA_1W_20150101_20260320.csv
2026-03-20 20:22:07,321  INFO        ✓  437 windows × 29 features
2026-03-20 20:22:07,333  INFO      [PROC] NYSE_TSLA_4H_20240330_20260320.csv
2026-03-20 20:22:07,549  INFO        ✓  1002 windows × 35 features
2026-03-20 20:22:07,550  WARNING     ⚠  Regime class 4 is only 1.9% of samples
2026-03-20 20:22:07,550  WARNING     ⚠  Regime class 5 is only 1.4% of samples
2026-03-20 20:22:07,571  INFO      [PROC] NYSE_UNH_1D_20150101_20260320.csv
2026-03-20 20:22:08,102  INFO        ✓  2670 windows × 29 features
2026-03-20 20:22:08,103  WARNING     ⚠  Regime class 0 is only 0.8% of samples
2026-03-20 20:22:08,104  WARNING     ⚠  Regime class 3 is only 0.2% of samples
2026-03-20 20:22:08,107  WARNING     ⚠  Regime class 4 is only 2.1% of samples
2026-03-20 20:22:08,107  WARNING     ⚠  Regime class 5 is only 1.6% of samples
2026-03-20 20:22:08,162  INFO      [PROC] NYSE_UNH_1H_20240330_20260320.csv
2026-03-20 20:22:08,635  INFO        ✓  3285 windows × 35 features
2026-03-20 20:22:08,636  WARNING     ⚠  Regime class 2 is only 0.9% of samples
2026-03-20 20:22:08,636  WARNING     ⚠  Regime class 5 is only 0.4% of samples
2026-03-20 20:22:08,674  INFO      [PROC] NYSE_UNH_1W_20150101_20260320.csv
2026-03-20 20:22:08,755  INFO        ✓  437 windows × 29 features
2026-03-20 20:22:08,755  WARNING     ⚠  Regime class 5 is only 2.1% of samples
2026-03-20 20:22:08,762  INFO      [PROC] NYSE_UNH_4H_20240330_20260320.csv
2026-03-20 20:22:08,888  INFO        ✓  1002 windows × 35 features
2026-03-20 20:22:08,889  WARNING     ⚠  Regime class 0 is only 2.3% of samples
2026-03-20 20:22:08,889  WARNING     ⚠  Regime class 3 is only 1.2% of samples
2026-03-20 20:22:08,889  WARNING     ⚠  Regime class 5 is only 2.9% of samples
2026-03-20 20:22:08,902  INFO      [PROC] NYSE_V_1D_20150101_20260320.csv
2026-03-20 20:22:09,161  INFO        ✓  2670 windows × 29 features
2026-03-20 20:22:09,161  WARNING     ⚠  Regime class 0 is only 2.4% of samples
2026-03-20 20:22:09,161  WARNING     ⚠  Regime class 3 is only 0.6% of samples
2026-03-20 20:22:09,161  WARNING     ⚠  Regime class 4 is only 1.0% of samples
2026-03-20 20:22:09,204  INFO      [PROC] NYSE_V_1H_20240330_20260320.csv
2026-03-20 20:22:09,502  INFO        ✓  3285 windows × 35 features
2026-03-20 20:22:09,502  WARNING     ⚠  Regime class 1 is only 3.8% of samples
2026-03-20 20:22:09,502  WARNING     ⚠  Regime class 2 is only 0.0% of samples
2026-03-20 20:22:09,544  INFO      [PROC] NYSE_V_1W_20150101_20260320.csv
2026-03-20 20:22:09,649  INFO        ✓  437 windows × 29 features
2026-03-20 20:22:09,650  WARNING     ⚠  Regime class 1 is only 0.9% of samples
2026-03-20 20:22:09,650  WARNING     ⚠  Regime class 5 is only 1.1% of samples
2026-03-20 20:22:09,658  INFO      [PROC] NYSE_V_4H_20240330_20260320.csv
2026-03-20 20:22:09,777  INFO        ✓  1002 windows × 35 features
2026-03-20 20:22:09,777  WARNING     ⚠  Regime class 2 is only 1.5% of samples
2026-03-20 20:22:09,777  WARNING     ⚠  Regime class 4 is only 0.5% of samples
2026-03-20 20:22:09,801  INFO      [PROC] NYSE_XOM_1D_20150101_20260320.csv
2026-03-20 20:22:10,004  INFO        ✓  2670 windows × 29 features
2026-03-20 20:22:10,004  WARNING     ⚠  Regime class 0 is only 3.9% of samples
2026-03-20 20:22:10,005  WARNING     ⚠  Regime class 4 is only 0.3% of samples
2026-03-20 20:22:10,005  WARNING     ⚠  Regime class 5 is only 0.1% of samples
2026-03-20 20:22:10,032  INFO      [PROC] NYSE_XOM_1H_20240330_20260320.csv
2026-03-20 20:22:10,756  INFO        ✓  3285 windows × 35 features
2026-03-20 20:22:10,757  WARNING     ⚠  Regime class 2 is only 0.1% of samples
2026-03-20 20:22:10,757  WARNING     ⚠  Regime class 3 is only 4.5% of samples
2026-03-20 20:22:10,757  WARNING     ⚠  Regime class 4 is only 0.1% of samples
2026-03-20 20:22:10,833  INFO      [PROC] NYSE_XOM_1W_20150101_20260320.csv
2026-03-20 20:22:11,313  INFO        ✓  437 windows × 29 features
2026-03-20 20:22:11,314  WARNING     ⚠  Regime class 1 is only 2.7% of samples
2026-03-20 20:22:11,315  WARNING     ⚠  Regime class 5 is only 2.3% of samples
2026-03-20 20:22:11,329  INFO      [PROC] NYSE_XOM_4H_20240330_20260320.csv
2026-03-20 20:22:11,568  INFO        ✓  1002 windows × 35 features
2026-03-20 20:22:11,568  WARNING     ⚠  Regime class 2 is only 1.9% of samples
2026-03-20 20:22:11,569  WARNING     ⚠  Regime class 3 is only 2.6% of samples
2026-03-20 20:22:11,569  WARNING     ⚠  Regime class 4 is only 2.6% of samples
2026-03-20 20:22:11,589  INFO      [PROC] SP500_GSPC_1D_20150101_20260320.csv
2026-03-20 20:22:12,030  INFO        ✓  2670 windows × 29 features
2026-03-20 20:22:12,041  WARNING     ⚠  Regime class 2 is only 3.9% of samples
2026-03-20 20:22:12,041  WARNING     ⚠  Regime class 4 is only 0.4% of samples
2026-03-20 20:22:12,127  INFO      [PROC] SP500_GSPC_1H_20240330_20260320.csv
2026-03-20 20:22:12,611  INFO        ✓  3285 windows × 35 features
2026-03-20 20:22:12,612  WARNING     ⚠  Regime class 1 is only 1.9% of samples
2026-03-20 20:22:12,613  WARNING     ⚠  Regime class 2 is only 0.0% of samples
2026-03-20 20:22:12,706  INFO      [PROC] SP500_GSPC_1W_20150101_20260320.csv
2026-03-20 20:22:12,887  INFO        ✓  437 windows × 29 features
2026-03-20 20:22:12,887  WARNING     ⚠  Regime class 5 is only 0.7% of samples
2026-03-20 20:22:12,899  INFO      [PROC] SP500_GSPC_4H_20240330_20260320.csv
2026-03-20 20:22:13,080  INFO        ✓  1002 windows × 35 features
2026-03-20 20:22:13,081  WARNING     ⚠  Regime class 2 is only 1.3% of samples
2026-03-20 20:22:13,094  INFO      [PROC] TSX_CNRTO_1D_20150101_20260320.csv
2026-03-20 20:22:13,283  INFO        ✓  2665 windows × 29 features
2026-03-20 20:22:13,284  WARNING     ⚠  Regime class 0 is only 0.3% of samples
2026-03-20 20:22:13,284  WARNING     ⚠  Regime class 4 is only 1.0% of samples
2026-03-20 20:22:13,314  INFO      [PROC] TSX_CNRTO_1H_20240330_20260320.csv
2026-03-20 20:22:13,557  INFO        ✓  3304 windows × 35 features
2026-03-20 20:22:13,558  WARNING     ⚠  Regime class 1 is only 3.5% of samples
2026-03-20 20:22:13,606  INFO      [PROC] TSX_CNRTO_1W_20150101_20260320.csv
2026-03-20 20:22:13,687  INFO        ✓  437 windows × 29 features
2026-03-20 20:22:13,694  INFO      [PROC] TSX_CNRTO_4H_20240330_20260320.csv
2026-03-20 20:22:13,816  INFO        ✓  1010 windows × 35 features
2026-03-20 20:22:13,817  WARNING     ⚠  Regime class 2 is only 0.9% of samples
2026-03-20 20:22:13,817  WARNING     ⚠  Regime class 3 is only 2.1% of samples
2026-03-20 20:22:13,817  WARNING     ⚠  Regime class 4 is only 0.4% of samples
2026-03-20 20:22:13,831  INFO      [PROC] TSX_MFCTO_1D_20150101_20260320.csv
2026-03-20 20:22:14,015  INFO        ✓  2665 windows × 29 features
2026-03-20 20:22:14,015  WARNING     ⚠  Regime class 0 is only 0.4% of samples
2026-03-20 20:22:14,016  WARNING     ⚠  Regime class 4 is only 3.8% of samples
2026-03-20 20:22:14,016  WARNING     ⚠  Regime class 5 is only 0.7% of samples
2026-03-20 20:22:14,042  INFO      [PROC] TSX_MFCTO_1H_20240330_20260320.csv
2026-03-20 20:22:14,513  INFO        ✓  3304 windows × 35 features
2026-03-20 20:22:14,513  WARNING     ⚠  Regime class 1 is only 4.4% of samples
2026-03-20 20:22:14,513  WARNING     ⚠  Regime class 2 is only 0.3% of samples
2026-03-20 20:22:14,513  WARNING     ⚠  Regime class 4 is only 0.1% of samples
2026-03-20 20:22:14,571  INFO      [PROC] TSX_MFCTO_1W_20150101_20260320.csv
2026-03-20 20:22:14,670  INFO        ✓  437 windows × 29 features
2026-03-20 20:22:14,671  WARNING     ⚠  Regime class 5 is only 2.7% of samples
2026-03-20 20:22:14,681  INFO      [PROC] TSX_MFCTO_4H_20240330_20260320.csv
2026-03-20 20:22:14,846  INFO        ✓  1010 windows × 35 features
2026-03-20 20:22:14,846  WARNING     ⚠  Regime class 2 is only 1.9% of samples
2026-03-20 20:22:14,847  WARNING     ⚠  Regime class 3 is only 3.6% of samples
2026-03-20 20:22:14,847  WARNING     ⚠  Regime class 4 is only 0.2% of samples
2026-03-20 20:22:14,893  INFO      [PROC] TSX_RYTO_1D_20150101_20260320.csv
2026-03-20 20:22:15,092  INFO        ✓  2665 windows × 29 features
2026-03-20 20:22:15,093  WARNING     ⚠  Regime class 2 is only 4.2% of samples
2026-03-20 20:22:15,093  WARNING     ⚠  Regime class 3 is only 4.4% of samples
2026-03-20 20:22:15,093  WARNING     ⚠  Regime class 4 is only 1.7% of samples
2026-03-20 20:22:15,168  INFO      [PROC] TSX_RYTO_1H_20240330_20260320.csv
2026-03-20 20:22:15,745  INFO        ✓  3304 windows × 35 features
2026-03-20 20:22:15,746  WARNING     ⚠  Regime class 1 is only 1.7% of samples
2026-03-20 20:22:16,006  INFO      [PROC] TSX_RYTO_1W_20150101_20260320.csv
2026-03-20 20:22:16,468  INFO        ✓  437 windows × 29 features
2026-03-20 20:22:16,469  WARNING     ⚠  Regime class 5 is only 1.4% of samples
2026-03-20 20:22:16,481  INFO      [PROC] TSX_RYTO_4H_20240330_20260320.csv
2026-03-20 20:22:17,167  INFO        ✓  1010 windows × 35 features
2026-03-20 20:22:17,168  WARNING     ⚠  Regime class 2 is only 0.5% of samples
2026-03-20 20:22:17,187  INFO      [PROC] TSX_SUTO_1D_20150101_20260320.csv
2026-03-20 20:22:17,925  INFO        ✓  2665 windows × 29 features
2026-03-20 20:22:17,925  WARNING     ⚠  Regime class 4 is only 0.8% of samples
2026-03-20 20:22:17,926  WARNING     ⚠  Regime class 5 is only 0.8% of samples
2026-03-20 20:22:17,962  INFO      [PROC] TSX_SUTO_1H_20240330_20260320.csv
2026-03-20 20:22:18,344  INFO        ✓  3304 windows × 35 features
2026-03-20 20:22:18,344  WARNING     ⚠  Regime class 2 is only 0.4% of samples
2026-03-20 20:22:18,344  WARNING     ⚠  Regime class 4 is only 0.6% of samples
2026-03-20 20:22:18,379  INFO      [PROC] TSX_SUTO_1W_20150101_20260320.csv
2026-03-20 20:22:18,462  INFO        ✓  437 windows × 29 features
2026-03-20 20:22:18,463  WARNING     ⚠  Regime class 5 is only 0.9% of samples
2026-03-20 20:22:18,469  INFO      [PROC] TSX_SUTO_4H_20240330_20260320.csv
2026-03-20 20:22:18,584  INFO        ✓  1010 windows × 35 features
2026-03-20 20:22:18,584  WARNING     ⚠  Regime class 2 is only 2.4% of samples
2026-03-20 20:22:18,584  WARNING     ⚠  Regime class 3 is only 2.5% of samples
2026-03-20 20:22:18,585  WARNING     ⚠  Regime class 4 is only 4.0% of samples
2026-03-20 20:22:18,604  INFO      [PROC] TSX_TDTO_1D_20150101_20260320.csv
2026-03-20 20:22:18,868  INFO        ✓  2665 windows × 29 features
2026-03-20 20:22:18,869  WARNING     ⚠  Regime class 2 is only 3.8% of samples
2026-03-20 20:22:18,869  WARNING     ⚠  Regime class 3 is only 3.5% of samples
2026-03-20 20:22:18,869  WARNING     ⚠  Regime class 4 is only 3.0% of samples
2026-03-20 20:22:18,869  WARNING     ⚠  Regime class 5 is only 0.0% of samples
2026-03-20 20:22:18,910  INFO      [PROC] TSX_TDTO_1H_20240330_20260320.csv
2026-03-20 20:22:19,240  INFO        ✓  3304 windows × 35 features
2026-03-20 20:22:19,241  WARNING     ⚠  Regime class 1 is only 2.4% of samples
2026-03-20 20:22:19,283  INFO      [PROC] TSX_TDTO_1W_20150101_20260320.csv
2026-03-20 20:22:19,382  INFO        ✓  437 windows × 29 features
2026-03-20 20:22:19,383  WARNING     ⚠  Regime class 4 is only 3.9% of samples
2026-03-20 20:22:19,383  WARNING     ⚠  Regime class 5 is only 4.6% of samples
2026-03-20 20:22:19,393  INFO      [PROC] TSX_TDTO_4H_20240330_20260320.csv
2026-03-20 20:22:19,512  INFO        ✓  1010 windows × 35 features
2026-03-20 20:22:19,512  WARNING     ⚠  Regime class 2 is only 0.1% of samples
2026-03-20 20:22:19,512  WARNING     ⚠  Regime class 4 is only 0.6% of samples
2026-03-20 20:22:19,534  INFO      ============================================================
2026-03-20 20:22:19,534  INFO      Feature engineering complete.
2026-03-20 20:22:19,534  INFO        Processed : 189 files
2026-03-20 20:22:19,534  INFO        Skipped   : 47 files
2026-03-20 20:22:19,535  INFO        Skipped list: ['ASX_ANZAX_1H_20240330_20260320.csv', 'ASX_ANZAX_1W_20150101_20260320.csv', 'ASX_BHPAX_1H_20240330_20260320.csv', 'ASX_BHPAX_1W_20150101_20260320.csv', 'ASX_CBAAX_1H_20240330_20260320.csv', 'ASX_CBAAX_1W_20150101_20260320.csv', 'ASX_CSLAX_1H_20240330_20260320.csv', 'ASX_CSLAX_1W_20150101_20260320.csv', 'ASX_WBCAX_1H_20240330_20260320.csv', 'ASX_WBCAX_1W_20150101_20260320.csv', 'CRYPTO_BTC-USD_1H_20240330_20260320.csv', 'CRYPTO_ETH-USD_1H_20240330_20260320.csv', 'CRYPTO_ETH-USD_1W_20150101_20260320.csv', 'DAX_GDAXI_1H_20240330_20260320.csv', 'DAX_GDAXI_1W_20150101_20260320.csv', 'EURONEXT_ASMLAS_1H_20240330_20260320.csv', 'EURONEXT_ASMLAS_1W_20150101_20260320.csv', 'EURONEXT_MCPA_1H_20240330_20260320.csv', 'EURONEXT_MCPA_1W_20150101_20260320.csv', 'EURONEXT_SAPDE_1H_20240330_20260320.csv', 'EURONEXT_SAPDE_1W_20150101_20260320.csv', 'EURONEXT_SIEDE_1H_20240330_20260320.csv', 'EURONEXT_SIEDE_1W_20150101_20260320.csv', 'EURONEXT_TTEPA_1H_20240330_20260320.csv', 'EURONEXT_TTEPA_1W_20150101_20260320.csv', 'FOREXCOM_AUDNZDX_1H_20240330_20260320.csv', 'FOREXCOM_AUDUSDX_1H_20240330_20260320.csv', 'FOREXCOM_EURCHFX_1H_20240330_20260320.csv', 'FOREXCOM_EURGBPX_1H_20240330_20260320.csv', 'FOREXCOM_EURUSDX_1H_20240330_20260320.csv', 'FOREXCOM_GBPJPYX_1H_20240330_20260320.csv', 'FOREXCOM_GBPUSDX_1H_20240330_20260320.csv', 'FOREXCOM_USDCADX_1H_20240330_20260320.csv', 'FOREXCOM_USDCHFX_1H_20240330_20260320.csv', 'FOREXCOM_USDJPYX_1H_20240330_20260320.csv', 'FTSE_FTSE_1H_20240330_20260320.csv', 'HSI_HSI_1H_20240330_20260320.csv', 'HSI_HSI_1W_20150101_20260320.csv', 'HSI_HSI_4H_20240330_20260320.csv', 'LSE_AZNL_1H_20240330_20260320.csv', 'LSE_BPL_1H_20240330_20260320.csv', 'LSE_GSKL_1H_20240330_20260320.csv', 'LSE_HSBAL_1H_20240330_20260320.csv', 'LSE_SHELL_1H_20240330_20260320.csv', 'NIKKEI_N225_1H_20240330_20260320.csv', 'NIKKEI_N225_1W_20150101_20260320.csv', 'NIKKEI_N225_4H_20240330_20260320.csv']
2026-03-20 20:22:19,535  INFO        ✓  No NaN or Inf values detected in any output array.
2026-03-20 20:22:19,535  INFO        Total training windows: 366304
2026-03-20 20:22:19,552  INFO      
Global regime class distribution:
2026-03-20 20:22:19,552  INFO        Class 0: 148922 samples  ( 40.7%)
2026-03-20 20:22:19,553  INFO        Class 1: 142423 samples  ( 38.9%)
2026-03-20 20:22:19,553  INFO        Class 2: 60433 samples  ( 16.5%)
2026-03-20 20:22:19,554  INFO        Class 3:  8006 samples  (  2.2%) ⚠  BELOW 5%
2026-03-20 20:22:19,554  INFO        Class 4:  5110 samples  (  1.4%) ⚠  BELOW 5%
2026-03-20 20:22:19,554  INFO        Class 5:  1410 samples  (  0.4%) ⚠  BELOW 5%
2026-03-20 20:22:19,554  INFO      
Feature columns (29 total):
2026-03-20 20:22:19,554  INFO        - log_return
2026-03-20 20:22:19,555  INFO        - body_ratio
2026-03-20 20:22:19,555  INFO        - upper_wick_ratio
2026-03-20 20:22:19,555  INFO        - lower_wick_ratio
2026-03-20 20:22:19,555  INFO        - range_zscore
2026-03-20 20:22:19,555  INFO        - volume_zscore
2026-03-20 20:22:19,555  INFO        - volume_delta
2026-03-20 20:22:19,555  INFO        - gap
2026-03-20 20:22:19,555  INFO        - atr7_norm
2026-03-20 20:22:19,555  INFO        - atr14_norm
2026-03-20 20:22:19,556  INFO        - atr28_norm
2026-03-20 20:22:19,556  INFO        - atr_ratio
2026-03-20 20:22:19,556  INFO        - rsi14
2026-03-20 20:22:19,556  INFO        - rsi28
2026-03-20 20:22:19,556  INFO        - macd_hist
2026-03-20 20:22:19,556  INFO        - roc_5
2026-03-20 20:22:19,557  INFO        - roc_10
2026-03-20 20:22:19,557  INFO        - roc_20
2026-03-20 20:22:19,557  INFO        - roc_60
2026-03-20 20:22:19,557  INFO        - bb_position
2026-03-20 20:22:19,557  INFO        - dist_sma20
2026-03-20 20:22:19,558  INFO        - dist_sma50
2026-03-20 20:22:19,558  INFO        - range_percentile
2026-03-20 20:22:19,558  INFO        - corr_index
2026-03-20 20:22:19,558  INFO        - dow_sin
2026-03-20 20:22:19,558  INFO        - dow_cos
2026-03-20 20:22:19,558  INFO        - month_sin
2026-03-20 20:22:19,558  INFO        - month_cos
2026-03-20 20:22:19,559  INFO        - quarter_end_flag
